TN:
SF:src/consts.ts
FNF:0
FNH:0
DA:4,0
DA:5,0
LF:2
LH:0
BRF:0
BRH:0
end_of_record
TN:
SF:src/content.config.ts
FNF:0
FNH:0
DA:4,0
DA:18,0
LF:2
LH:0
BRF:0
BRH:0
end_of_record
TN:
SF:src/setupTests.js
FN:11,(anonymous_0)
FN:14,(anonymous_1)
FN:15,(anonymous_2)
FN:18,(anonymous_3)
FN:21,(anonymous_4)
FN:40,(anonymous_5)
FN:54,(anonymous_6)
FN:55,(anonymous_7)
FN:56,(anonymous_8)
FN:57,(anonymous_9)
FN:64,(anonymous_10)
FN:65,(anonymous_11)
FN:66,(anonymous_12)
FN:67,(anonymous_13)
FN:73,(anonymous_14)
FN:77,(anonymous_15)
FN:91,(anonymous_16)
FN:93,(anonymous_17)
FN:104,(anonymous_18)
FN:116,(anonymous_19)
FN:123,(anonymous_20)
FNF:21
FNH:0
FNDA:0,(anonymous_0)
FNDA:0,(anonymous_1)
FNDA:0,(anonymous_2)
FNDA:0,(anonymous_3)
FNDA:0,(anonymous_4)
FNDA:0,(anonymous_5)
FNDA:0,(anonymous_6)
FNDA:0,(anonymous_7)
FNDA:0,(anonymous_8)
FNDA:0,(anonymous_9)
FNDA:0,(anonymous_10)
FNDA:0,(anonymous_11)
FNDA:0,(anonymous_12)
FNDA:0,(anonymous_13)
FNDA:0,(anonymous_14)
FNDA:0,(anonymous_15)
FNDA:0,(anonymous_16)
FNDA:0,(anonymous_17)
FNDA:0,(anonymous_18)
FNDA:0,(anonymous_19)
FNDA:0,(anonymous_20)
DA:7,0
DA:8,0
DA:11,0
DA:12,0
DA:13,0
DA:14,0
DA:16,0
DA:19,0
DA:22,0
DA:28,0
DA:34,0
DA:35,0
DA:38,0
DA:40,0
DA:60,0
DA:70,0
DA:73,0
DA:74,0
DA:77,0
DA:78,0
DA:81,0
DA:82,0
DA:85,0
DA:88,0
DA:89,0
DA:91,0
DA:93,0
DA:95,0
DA:99,0
DA:101,0
DA:104,0
DA:106,0
DA:110,0
DA:112,0
DA:116,0
DA:118,0
DA:119,0
DA:123,0
DA:124,0
DA:125,0
DA:126,0
DA:127,0
DA:128,0
LF:43
LH:0
BRDA:14,0,0,0
BRDA:14,0,1,0
BRDA:95,1,0,0
BRDA:95,1,1,0
BRDA:96,2,0,0
BRDA:96,2,1,0
BRDA:106,3,0,0
BRDA:106,3,1,0
BRDA:107,4,0,0
BRDA:107,4,1,0
BRF:10
BRH:0
end_of_record
TN:
SF:src/components/ExampleButton.jsx
FN:11,(anonymous_0)
FNF:1
FNH:0
FNDA:0,(anonymous_0)
DA:11,0
DA:12,0
DA:23,0
LF:3
LH:0
BRF:0
BRH:0
end_of_record
TN:
SF:src/components/UMTerminalEngine-v2.js
FN:7,(anonymous_0)
FN:82,(anonymous_1)
FN:112,(anonymous_2)
FN:121,(anonymous_3)
FN:134,(anonymous_4)
FN:146,(anonymous_5)
FN:167,(anonymous_6)
FN:173,(anonymous_7)
FN:185,(anonymous_8)
FN:196,(anonymous_9)
FN:215,(anonymous_10)
FN:233,(anonymous_11)
FN:271,(anonymous_12)
FN:311,(anonymous_13)
FN:337,(anonymous_14)
FN:338,(anonymous_15)
FN:349,(anonymous_16)
FN:371,(anonymous_17)
FN:416,(anonymous_18)
FN:432,(anonymous_19)
FN:465,(anonymous_20)
FN:469,(anonymous_21)
FN:471,(anonymous_22)
FN:477,(anonymous_23)
FN:485,(anonymous_24)
FN:497,(anonymous_25)
FNF:26
FNH:0
FNDA:0,(anonymous_0)
FNDA:0,(anonymous_1)
FNDA:0,(anonymous_2)
FNDA:0,(anonymous_3)
FNDA:0,(anonymous_4)
FNDA:0,(anonymous_5)
FNDA:0,(anonymous_6)
FNDA:0,(anonymous_7)
FNDA:0,(anonymous_8)
FNDA:0,(anonymous_9)
FNDA:0,(anonymous_10)
FNDA:0,(anonymous_11)
FNDA:0,(anonymous_12)
FNDA:0,(anonymous_13)
FNDA:0,(anonymous_14)
FNDA:0,(anonymous_15)
FNDA:0,(anonymous_16)
FNDA:0,(anonymous_17)
FNDA:0,(anonymous_18)
FNDA:0,(anonymous_19)
FNDA:0,(anonymous_20)
FNDA:0,(anonymous_21)
FNDA:0,(anonymous_22)
FNDA:0,(anonymous_23)
FNDA:0,(anonymous_24)
FNDA:0,(anonymous_25)
DA:8,0
DA:9,0
DA:10,0
DA:11,0
DA:12,0
DA:13,0
DA:15,0
DA:38,0
DA:83,0
DA:84,0
DA:85,0
DA:88,0
DA:90,0
DA:91,0
DA:98,0
DA:99,0
DA:100,0
DA:102,0
DA:113,0
DA:114,0
DA:115,0
DA:117,0
DA:118,0
DA:119,0
DA:120,0
DA:121,0
DA:122,0
DA:123,0
DA:125,0
DA:126,0
DA:130,0
DA:131,0
DA:133,0
DA:134,0
DA:135,0
DA:136,0
DA:138,0
DA:143,0
DA:147,0
DA:149,0
DA:150,0
DA:151,0
DA:152,0
DA:153,0
DA:155,0
DA:157,0
DA:160,0
DA:168,0
DA:174,0
DA:175,0
DA:177,0
DA:178,0
DA:181,0
DA:182,0
DA:183,0
DA:185,0
DA:186,0
DA:187,0
DA:190,0
DA:191,0
DA:193,0
DA:197,0
DA:198,0
DA:199,0
DA:206,0
DA:208,0
DA:209,0
DA:212,0
DA:214,0
DA:215,0
DA:216,0
DA:217,0
DA:218,0
DA:219,0
DA:220,0
DA:221,0
DA:224,0
DA:225,0
DA:228,0
DA:230,0
DA:234,0
DA:236,0
DA:237,0
DA:240,0
DA:241,0
DA:244,0
DA:245,0
DA:246,0
DA:247,0
DA:250,0
DA:251,0
DA:252,0
DA:253,0
DA:256,0
DA:257,0
DA:258,0
DA:259,0
DA:260,0
DA:263,0
DA:264,0
DA:265,0
DA:266,0
DA:268,0
DA:272,0
DA:274,0
DA:275,0
DA:278,0
DA:281,0
DA:282,0
DA:283,0
DA:284,0
DA:287,0
DA:288,0
DA:289,0
DA:291,0
DA:292,0
DA:293,0
DA:294,0
DA:295,0
DA:299,0
DA:300,0
DA:301,0
DA:302,0
DA:303,0
DA:306,0
DA:312,0
DA:313,0
DA:315,0
DA:316,0
DA:323,0
DA:325,0
DA:326,0
DA:329,0
DA:331,0
DA:332,0
DA:333,0
DA:334,0
DA:335,0
DA:336,0
DA:337,0
DA:338,0
DA:343,0
DA:344,0
DA:346,0
DA:350,0
DA:353,0
DA:358,0
DA:360,0
DA:361,0
DA:362,0
DA:363,0
DA:364,0
DA:366,0
DA:372,0
DA:374,0
DA:375,0
DA:383,0
DA:390,0
DA:392,0
DA:393,0
DA:394,0
DA:395,0
DA:397,0
DA:398,0
DA:399,0
DA:401,0
DA:402,0
DA:403,0
DA:404,0
DA:406,0
DA:407,0
DA:408,0
DA:409,0
DA:411,0
DA:413,0
DA:417,0
DA:418,0
DA:419,0
DA:420,0
DA:421,0
DA:422,0
DA:423,0
DA:424,0
DA:425,0
DA:427,0
DA:433,0
DA:436,0
DA:437,0
DA:438,0
DA:439,0
DA:443,0
DA:444,0
DA:449,0
DA:450,0
DA:453,0
DA:458,0
DA:460,0
DA:461,0
DA:466,0
DA:470,0
DA:471,0
DA:472,0
DA:474,0
DA:478,0
DA:486,0
DA:487,0
DA:488,0
DA:489,0
DA:490,0
DA:491,0
DA:492,0
DA:494,0
DA:498,0
DA:499,0
DA:500,0
DA:502,0
DA:503,0
DA:504,0
DA:505,0
DA:507,0
DA:512,0
DA:513,0
DA:517,0
DA:518,0
LF:224
LH:0
BRDA:90,0,0,0
BRDA:90,0,1,0
BRDA:113,1,0,0
BRDA:113,1,1,0
BRDA:117,2,0,0
BRDA:117,2,1,0
BRDA:119,3,0,0
BRDA:119,3,1,0
BRDA:119,4,0,0
BRDA:119,4,1,0
BRDA:130,5,0,0
BRDA:130,5,1,0
BRDA:133,6,0,0
BRDA:133,6,1,0
BRDA:133,7,0,0
BRDA:133,7,1,0
BRDA:135,8,0,0
BRDA:135,8,1,0
BRDA:143,9,0,0
BRDA:143,9,1,0
BRDA:147,10,0,0
BRDA:147,10,1,0
BRDA:149,11,0,0
BRDA:149,11,1,0
BRDA:149,12,0,0
BRDA:149,12,1,0
BRDA:150,13,0,0
BRDA:150,13,1,0
BRDA:153,14,0,0
BRDA:153,14,1,0
BRDA:155,15,0,0
BRDA:155,15,1,0
BRDA:174,16,0,0
BRDA:174,16,1,0
BRDA:177,17,0,0
BRDA:177,17,1,0
BRDA:190,18,0,0
BRDA:190,18,1,0
BRDA:198,19,0,0
BRDA:198,19,1,0
BRDA:208,20,0,0
BRDA:208,20,1,0
BRDA:214,21,0,0
BRDA:214,21,1,0
BRDA:214,22,0,0
BRDA:214,22,1,0
BRDA:220,23,0,0
BRDA:220,23,1,0
BRDA:228,24,0,0
BRDA:228,24,1,0
BRDA:236,25,0,0
BRDA:236,25,1,0
BRDA:274,26,0,0
BRDA:274,26,1,0
BRDA:287,27,0,0
BRDA:287,27,1,0
BRDA:299,28,0,0
BRDA:299,28,1,0
BRDA:312,29,0,0
BRDA:312,29,1,0
BRDA:313,30,0,0
BRDA:313,30,1,0
BRDA:315,31,0,0
BRDA:315,31,1,0
BRDA:325,32,0,0
BRDA:325,32,1,0
BRDA:331,33,0,0
BRDA:331,33,1,0
BRDA:333,34,0,0
BRDA:333,34,1,0
BRDA:334,35,0,0
BRDA:334,35,1,0
BRDA:334,36,0,0
BRDA:334,36,1,0
BRDA:350,37,0,0
BRDA:350,37,1,0
BRDA:358,38,0,0
BRDA:358,38,1,0
BRDA:374,39,0,0
BRDA:374,39,1,0
BRDA:385,40,0,0
BRDA:385,40,1,0
BRDA:432,41,0,0
BRDA:436,42,0,0
BRDA:436,42,1,0
BRDA:438,43,0,0
BRDA:438,43,1,0
BRDA:512,44,0,0
BRDA:512,44,1,0
BRDA:512,45,0,0
BRDA:512,45,1,0
BRDA:517,46,0,0
BRDA:517,46,1,0
BRF:93
BRH:0
end_of_record
TN:
SF:src/components/UMTerminalEngine.js
FN:6,(anonymous_0)
FN:18,(anonymous_1)
FN:19,(anonymous_2)
FN:20,(anonymous_3)
FN:23,(anonymous_4)
FN:49,(anonymous_5)
FN:57,(anonymous_6)
FN:62,(anonymous_7)
FN:91,(anonymous_8)
FN:106,(anonymous_9)
FN:125,(anonymous_10)
FN:135,(anonymous_11)
FN:142,(anonymous_12)
FN:143,(anonymous_13)
FN:144,(anonymous_14)
FN:146,(anonymous_15)
FN:147,(anonymous_16)
FN:159,(anonymous_17)
FN:165,(anonymous_18)
FN:170,(anonymous_19)
FN:172,(anonymous_20)
FN:173,(anonymous_21)
FN:177,(anonymous_22)
FN:178,(anonymous_23)
FN:182,(anonymous_24)
FN:183,(anonymous_25)
FN:191,(anonymous_26)
FN:197,(anonymous_27)
FN:202,(anonymous_28)
FN:213,(anonymous_29)
FN:217,(anonymous_30)
FN:234,(anonymous_31)
FN:235,(anonymous_32)
FN:253,(anonymous_33)
FN:270,(anonymous_34)
FN:271,(anonymous_35)
FN:274,(anonymous_36)
FN:275,(anonymous_37)
FN:276,(anonymous_38)
FN:278,(anonymous_39)
FN:291,(anonymous_40)
FN:296,(anonymous_41)
FN:297,(anonymous_42)
FN:309,(anonymous_43)
FN:322,(anonymous_44)
FN:333,(anonymous_45)
FN:346,(anonymous_46)
FN:362,(anonymous_47)
FN:372,(anonymous_48)
FN:378,(anonymous_49)
FN:384,(anonymous_50)
FN:388,(anonymous_51)
FN:392,(anonymous_52)
FN:399,(anonymous_53)
FN:408,(anonymous_54)
FN:440,(anonymous_55)
FN:452,(anonymous_56)
FN:453,(anonymous_57)
FN:454,(anonymous_58)
FN:455,(anonymous_59)
FN:460,(anonymous_60)
FN:462,(anonymous_61)
FN:469,(anonymous_62)
FN:481,(anonymous_63)
FN:482,(anonymous_64)
FN:483,(anonymous_65)
FN:484,(anonymous_66)
FN:485,(anonymous_67)
FN:494,(anonymous_68)
FN:500,(anonymous_69)
FN:512,(anonymous_70)
FN:515,(anonymous_71)
FN:522,(anonymous_72)
FN:533,(anonymous_73)
FN:534,(anonymous_74)
FN:535,(anonymous_75)
FN:537,(anonymous_76)
FN:543,(anonymous_77)
FN:553,(anonymous_78)
FN:565,(anonymous_79)
FN:579,(anonymous_80)
FN:581,(anonymous_81)
FN:591,(anonymous_82)
FN:592,(anonymous_83)
FN:593,(anonymous_84)
FN:604,(anonymous_85)
FN:657,(anonymous_86)
FN:676,(anonymous_87)
FN:691,(anonymous_88)
FN:692,(anonymous_89)
FN:697,(anonymous_90)
FN:698,(anonymous_91)
FN:703,(anonymous_92)
FN:709,(anonymous_93)
FN:726,(anonymous_94)
FN:744,(anonymous_95)
FN:765,(anonymous_96)
FN:784,(anonymous_97)
FN:792,(anonymous_98)
FN:815,(anonymous_99)
FN:825,(anonymous_100)
FN:827,(anonymous_101)
FN:835,(anonymous_102)
FN:848,(anonymous_103)
FN:856,(anonymous_104)
FN:866,(anonymous_105)
FN:867,(anonymous_106)
FN:881,(anonymous_107)
FN:882,(anonymous_108)
FNF:109
FNH:0
FNDA:0,(anonymous_0)
FNDA:0,(anonymous_1)
FNDA:0,(anonymous_2)
FNDA:0,(anonymous_3)
FNDA:0,(anonymous_4)
FNDA:0,(anonymous_5)
FNDA:0,(anonymous_6)
FNDA:0,(anonymous_7)
FNDA:0,(anonymous_8)
FNDA:0,(anonymous_9)
FNDA:0,(anonymous_10)
FNDA:0,(anonymous_11)
FNDA:0,(anonymous_12)
FNDA:0,(anonymous_13)
FNDA:0,(anonymous_14)
FNDA:0,(anonymous_15)
FNDA:0,(anonymous_16)
FNDA:0,(anonymous_17)
FNDA:0,(anonymous_18)
FNDA:0,(anonymous_19)
FNDA:0,(anonymous_20)
FNDA:0,(anonymous_21)
FNDA:0,(anonymous_22)
FNDA:0,(anonymous_23)
FNDA:0,(anonymous_24)
FNDA:0,(anonymous_25)
FNDA:0,(anonymous_26)
FNDA:0,(anonymous_27)
FNDA:0,(anonymous_28)
FNDA:0,(anonymous_29)
FNDA:0,(anonymous_30)
FNDA:0,(anonymous_31)
FNDA:0,(anonymous_32)
FNDA:0,(anonymous_33)
FNDA:0,(anonymous_34)
FNDA:0,(anonymous_35)
FNDA:0,(anonymous_36)
FNDA:0,(anonymous_37)
FNDA:0,(anonymous_38)
FNDA:0,(anonymous_39)
FNDA:0,(anonymous_40)
FNDA:0,(anonymous_41)
FNDA:0,(anonymous_42)
FNDA:0,(anonymous_43)
FNDA:0,(anonymous_44)
FNDA:0,(anonymous_45)
FNDA:0,(anonymous_46)
FNDA:0,(anonymous_47)
FNDA:0,(anonymous_48)
FNDA:0,(anonymous_49)
FNDA:0,(anonymous_50)
FNDA:0,(anonymous_51)
FNDA:0,(anonymous_52)
FNDA:0,(anonymous_53)
FNDA:0,(anonymous_54)
FNDA:0,(anonymous_55)
FNDA:0,(anonymous_56)
FNDA:0,(anonymous_57)
FNDA:0,(anonymous_58)
FNDA:0,(anonymous_59)
FNDA:0,(anonymous_60)
FNDA:0,(anonymous_61)
FNDA:0,(anonymous_62)
FNDA:0,(anonymous_63)
FNDA:0,(anonymous_64)
FNDA:0,(anonymous_65)
FNDA:0,(anonymous_66)
FNDA:0,(anonymous_67)
FNDA:0,(anonymous_68)
FNDA:0,(anonymous_69)
FNDA:0,(anonymous_70)
FNDA:0,(anonymous_71)
FNDA:0,(anonymous_72)
FNDA:0,(anonymous_73)
FNDA:0,(anonymous_74)
FNDA:0,(anonymous_75)
FNDA:0,(anonymous_76)
FNDA:0,(anonymous_77)
FNDA:0,(anonymous_78)
FNDA:0,(anonymous_79)
FNDA:0,(anonymous_80)
FNDA:0,(anonymous_81)
FNDA:0,(anonymous_82)
FNDA:0,(anonymous_83)
FNDA:0,(anonymous_84)
FNDA:0,(anonymous_85)
FNDA:0,(anonymous_86)
FNDA:0,(anonymous_87)
FNDA:0,(anonymous_88)
FNDA:0,(anonymous_89)
FNDA:0,(anonymous_90)
FNDA:0,(anonymous_91)
FNDA:0,(anonymous_92)
FNDA:0,(anonymous_93)
FNDA:0,(anonymous_94)
FNDA:0,(anonymous_95)
FNDA:0,(anonymous_96)
FNDA:0,(anonymous_97)
FNDA:0,(anonymous_98)
FNDA:0,(anonymous_99)
FNDA:0,(anonymous_100)
FNDA:0,(anonymous_101)
FNDA:0,(anonymous_102)
FNDA:0,(anonymous_103)
FNDA:0,(anonymous_104)
FNDA:0,(anonymous_105)
FNDA:0,(anonymous_106)
FNDA:0,(anonymous_107)
FNDA:0,(anonymous_108)
DA:7,0
DA:8,0
DA:9,0
DA:10,0
DA:11,0
DA:18,0
DA:19,0
DA:20,0
DA:24,0
DA:25,0
DA:26,0
DA:28,0
DA:29,0
DA:30,0
DA:39,0
DA:50,0
DA:52,0
DA:53,0
DA:57,0
DA:63,0
DA:64,0
DA:65,0
DA:66,0
DA:67,0
DA:68,0
DA:69,0
DA:70,0
DA:71,0
DA:72,0
DA:73,0
DA:74,0
DA:75,0
DA:76,0
DA:78,0
DA:79,0
DA:81,0
DA:82,0
DA:83,0
DA:84,0
DA:85,0
DA:87,0
DA:92,0
DA:93,0
DA:95,0
DA:96,0
DA:97,0
DA:98,0
DA:99,0
DA:100,0
DA:102,0
DA:107,0
DA:117,0
DA:118,0
DA:124,0
DA:125,0
DA:126,0
DA:127,0
DA:128,0
DA:129,0
DA:132,0
DA:134,0
DA:136,0
DA:143,0
DA:144,0
DA:145,0
DA:146,0
DA:147,0
DA:149,0
DA:157,0
DA:158,0
DA:160,0
DA:164,0
DA:165,0
DA:171,0
DA:173,0
DA:174,0
DA:178,0
DA:179,0
DA:183,0
DA:184,0
DA:189,0
DA:190,0
DA:192,0
DA:196,0
DA:197,0
DA:203,0
DA:204,0
DA:206,0
DA:207,0
DA:210,0
DA:214,0
DA:218,0
DA:219,0
DA:222,0
DA:224,0
DA:226,0
DA:228,0
DA:230,0
DA:235,0
DA:236,0
DA:239,0
DA:253,0
DA:271,0
DA:272,0
DA:274,0
DA:275,0
DA:276,0
DA:277,0
DA:278,0
DA:280,0
DA:292,0
DA:297,0
DA:298,0
DA:299,0
DA:310,0
DA:311,0
DA:314,0
DA:315,0
DA:316,0
DA:317,0
DA:319,0
DA:322,0
DA:323,0
DA:324,0
DA:333,0
DA:335,0
DA:336,0
DA:339,0
DA:340,0
DA:342,0
DA:346,0
DA:363,0
DA:364,0
DA:367,0
DA:368,0
DA:371,0
DA:372,0
DA:373,0
DA:377,0
DA:378,0
DA:379,0
DA:383,0
DA:384,0
DA:387,0
DA:388,0
DA:391,0
DA:392,0
DA:395,0
DA:400,0
DA:409,0
DA:411,0
DA:412,0
DA:413,0
DA:415,0
DA:416,0
DA:417,0
DA:419,0
DA:420,0
DA:421,0
DA:423,0
DA:424,0
DA:425,0
DA:427,0
DA:428,0
DA:429,0
DA:431,0
DA:432,0
DA:433,0
DA:437,0
DA:441,0
DA:442,0
DA:443,0
DA:444,0
DA:445,0
DA:446,0
DA:448,0
DA:453,0
DA:454,0
DA:455,0
DA:456,0
DA:460,0
DA:462,0
DA:464,0
DA:470,0
DA:482,0
DA:483,0
DA:484,0
DA:485,0
DA:487,0
DA:494,0
DA:496,0
DA:501,0
DA:513,0
DA:514,0
DA:515,0
DA:518,0
DA:523,0
DA:533,0
DA:534,0
DA:535,0
DA:536,0
DA:537,0
DA:539,0
DA:544,0
DA:554,0
DA:555,0
DA:556,0
DA:557,0
DA:558,0
DA:559,0
DA:561,0
DA:566,0
DA:579,0
DA:581,0
DA:591,0
DA:592,0
DA:593,0
DA:605,0
DA:658,0
DA:659,0
DA:662,0
DA:663,0
DA:666,0
DA:673,0
DA:677,0
DA:678,0
DA:680,0
DA:681,0
DA:682,0
DA:683,0
DA:686,0
DA:688,0
DA:692,0
DA:693,0
DA:698,0
DA:699,0
DA:704,0
DA:705,0
DA:706,0
DA:710,0
DA:723,0
DA:727,0
DA:738,0
DA:739,0
DA:745,0
DA:766,0
DA:767,0
DA:768,0
DA:770,0
DA:785,0
DA:793,0
DA:794,0
DA:812,0
DA:816,0
DA:817,0
DA:822,0
DA:826,0
DA:827,0
DA:830,0
DA:836,0
DA:837,0
DA:838,0
DA:839,0
DA:840,0
DA:849,0
DA:850,0
DA:852,0
DA:857,0
DA:867,0
DA:869,0
DA:882,0
DA:883,0
DA:884,0
DA:885,0
LF:274
LH:0
BRDA:7,0,0,0
BRDA:7,0,1,0
BRDA:8,1,0,0
BRDA:8,1,1,0
BRDA:36,2,0,0
BRDA:36,2,1,0
BRDA:50,3,0,0
BRDA:50,3,1,0
BRDA:52,4,0,0
BRDA:52,4,1,0
BRDA:63,5,0,0
BRDA:63,5,1,0
BRDA:63,5,2,0
BRDA:63,5,3,0
BRDA:63,5,4,0
BRDA:63,5,5,0
BRDA:63,5,6,0
BRDA:63,5,7,0
BRDA:63,5,8,0
BRDA:63,5,9,0
BRDA:63,5,10,0
BRDA:63,5,11,0
BRDA:63,5,12,0
BRDA:63,5,13,0
BRDA:63,5,14,0
BRDA:63,5,15,0
BRDA:63,5,16,0
BRDA:63,5,17,0
BRDA:63,5,18,0
BRDA:78,6,0,0
BRDA:78,6,1,0
BRDA:95,7,0,0
BRDA:95,7,1,0
BRDA:95,8,0,0
BRDA:95,8,1,0
BRDA:97,9,0,0
BRDA:97,9,1,0
BRDA:97,10,0,0
BRDA:97,10,1,0
BRDA:99,11,0,0
BRDA:99,11,1,0
BRDA:99,12,0,0
BRDA:99,12,1,0
BRDA:117,13,0,0
BRDA:117,13,1,0
BRDA:124,14,0,0
BRDA:124,14,1,0
BRDA:126,15,0,0
BRDA:126,15,1,0
BRDA:127,16,0,0
BRDA:127,16,1,0
BRDA:136,17,0,0
BRDA:136,17,1,0
BRDA:147,18,0,0
BRDA:147,18,1,0
BRDA:157,19,0,0
BRDA:157,19,1,0
BRDA:189,20,0,0
BRDA:189,20,1,0
BRDA:203,21,0,0
BRDA:203,21,1,0
BRDA:203,22,0,0
BRDA:203,22,1,0
BRDA:203,22,2,0
BRDA:218,23,0,0
BRDA:218,23,1,0
BRDA:224,24,0,0
BRDA:224,24,1,0
BRDA:224,24,2,0
BRDA:236,25,0,0
BRDA:236,25,1,0
BRDA:271,26,0,0
BRDA:271,26,1,0
BRDA:276,27,0,0
BRDA:276,27,1,0
BRDA:310,28,0,0
BRDA:310,28,1,0
BRDA:323,29,0,0
BRDA:323,29,1,0
BRDA:335,30,0,0
BRDA:335,30,1,0
BRDA:339,31,0,0
BRDA:339,31,1,0
BRDA:350,32,0,0
BRDA:350,32,1,0
BRDA:355,33,0,0
BRDA:355,33,1,0
BRDA:363,34,0,0
BRDA:363,34,1,0
BRDA:371,35,0,0
BRDA:371,35,1,0
BRDA:377,36,0,0
BRDA:377,36,1,0
BRDA:383,37,0,0
BRDA:383,37,1,0
BRDA:387,38,0,0
BRDA:387,38,1,0
BRDA:391,39,0,0
BRDA:391,39,1,0
BRDA:403,40,0,0
BRDA:403,40,1,0
BRDA:413,41,0,0
BRDA:413,41,1,0
BRDA:413,41,2,0
BRDA:413,41,3,0
BRDA:413,41,4,0
BRDA:441,42,0,0
BRDA:441,42,1,0
BRDA:443,43,0,0
BRDA:443,43,1,0
BRDA:445,44,0,0
BRDA:445,44,1,0
BRDA:455,45,0,0
BRDA:455,45,1,0
BRDA:484,46,0,0
BRDA:484,46,1,0
BRDA:492,47,0,0
BRDA:492,47,1,0
BRDA:513,48,0,0
BRDA:513,48,1,0
BRDA:535,49,0,0
BRDA:535,49,1,0
BRDA:554,50,0,0
BRDA:554,50,1,0
BRDA:556,51,0,0
BRDA:556,51,1,0
BRDA:558,52,0,0
BRDA:558,52,1,0
BRDA:593,53,0,0
BRDA:593,53,1,0
BRDA:658,54,0,0
BRDA:658,54,1,0
BRDA:662,55,0,0
BRDA:662,55,1,0
BRDA:680,56,0,0
BRDA:680,56,1,0
BRDA:681,57,0,0
BRDA:681,57,1,0
BRDA:682,58,0,0
BRDA:682,58,1,0
BRDA:683,59,0,0
BRDA:683,59,1,0
BRDA:686,60,0,0
BRDA:686,60,1,0
BRDA:693,61,0,0
BRDA:693,61,1,0
BRDA:699,62,0,0
BRDA:699,62,1,0
BRDA:723,63,0,0
BRDA:723,63,1,0
BRDA:766,64,0,0
BRDA:766,64,1,0
BRDA:793,65,0,0
BRDA:793,65,1,0
BRDA:816,66,0,0
BRDA:816,66,1,0
BRDA:849,67,0,0
BRDA:849,67,1,0
BRDA:867,68,0,0
BRDA:867,68,1,0
BRF:160
BRH:0
end_of_record
TN:
SF:src/config/servicios.ts
FNF:0
FNH:0
DA:1,0
LF:1
LH:0
BRF:0
BRH:0
end_of_record
TN:
SF:src/data/antecedentes_completos.js
FNF:0
FNH:0
DA:2,0
LF:1
LH:0
BRF:0
BRH:0
end_of_record
TN:
SF:src/data/blog-posts.ts
FN:198,getAllPosts
FN:199,(anonymous_1)
FN:202,getPostsByFilters
FN:206,(anonymous_3)
FN:212,(anonymous_4)
FN:219,(anonymous_5)
FN:240,getCategories
FN:241,(anonymous_7)
FN:244,(anonymous_8)
FN:251,(anonymous_9)
FN:256,(anonymous_10)
FN:259,getRelatedPosts
FN:264,(anonymous_12)
FN:265,(anonymous_13)
FN:267,(anonymous_14)
FN:271,(anonymous_15)
FN:276,(anonymous_16)
FN:285,countCommonElements
FN:286,(anonymous_18)
FN:290,(anonymous_19)
FN:297,getPostBySlug
FN:298,(anonymous_21)
FN:301,(anonymous_22)
FN:306,(anonymous_23)
FNF:24
FNH:0
FNDA:0,getAllPosts
FNDA:0,(anonymous_1)
FNDA:0,getPostsByFilters
FNDA:0,(anonymous_3)
FNDA:0,(anonymous_4)
FNDA:0,(anonymous_5)
FNDA:0,getCategories
FNDA:0,(anonymous_7)
FNDA:0,(anonymous_8)
FNDA:0,(anonymous_9)
FNDA:0,(anonymous_10)
FNDA:0,getRelatedPosts
FNDA:0,(anonymous_12)
FNDA:0,(anonymous_13)
FNDA:0,(anonymous_14)
FNDA:0,(anonymous_15)
FNDA:0,(anonymous_16)
FNDA:0,countCommonElements
FNDA:0,(anonymous_18)
FNDA:0,(anonymous_19)
FNDA:0,getPostBySlug
FNDA:0,(anonymous_21)
FNDA:0,(anonymous_22)
FNDA:0,(anonymous_23)
DA:3,0
DA:199,0
DA:203,0
DA:205,0
DA:206,0
DA:207,0
DA:211,0
DA:212,0
DA:213,0
DA:217,0
DA:218,0
DA:219,0
DA:220,0
DA:226,0
DA:227,0
DA:228,0
DA:229,0
DA:230,0
DA:232,0
DA:241,0
DA:242,0
DA:243,0
DA:244,0
DA:245,0
DA:247,0
DA:250,0
DA:251,0
DA:256,0
DA:260,0
DA:261,0
DA:263,0
DA:264,0
DA:267,0
DA:268,0
DA:271,0
DA:272,0
DA:274,0
DA:278,0
DA:279,0
DA:280,0
DA:286,0
DA:287,0
DA:290,0
DA:291,0
DA:294,0
DA:298,0
DA:301,0
DA:303,0
DA:306,0
DA:308,0
LF:50
LH:0
BRDA:205,0,0,0
BRDA:205,0,1,0
BRDA:207,1,0,0
BRDA:207,1,1,0
BRDA:211,2,0,0
BRDA:211,2,1,0
BRDA:213,3,0,0
BRDA:213,3,1,0
BRDA:217,4,0,0
BRDA:217,4,1,0
BRDA:220,5,0,0
BRDA:220,5,1,0
BRDA:220,5,2,0
BRDA:226,6,0,0
BRDA:226,6,1,0
BRDA:227,7,0,0
BRDA:227,7,1,0
BRDA:243,8,0,0
BRDA:243,8,1,0
BRDA:245,9,0,0
BRDA:245,9,1,0
BRDA:259,10,0,0
BRDA:261,11,0,0
BRDA:261,11,1,0
BRDA:274,12,0,0
BRDA:274,12,1,0
BRDA:286,13,0,0
BRDA:286,13,1,0
BRF:28
BRH:0
end_of_record
TN:
SF:src/data/blog.ts
FN:2,getAllPosts
FN:6,getAllBlogPosts
FN:30,getBlogPostBySlug
FN:31,(anonymous_3)
FNF:4
FNH:0
FNDA:0,getAllPosts
FNDA:0,getAllBlogPosts
FNDA:0,getBlogPostBySlug
FNDA:0,(anonymous_3)
DA:3,0
DA:8,0
DA:19,0
DA:31,0
DA:32,0
DA:33,0
DA:34,0
DA:36,0
LF:8
LH:0
BRDA:32,0,0,0
BRDA:32,0,1,0
BRF:2
BRH:0
end_of_record
TN:
SF:src/data/casos.ts
FN:96,getCasoBySlug
FN:97,(anonymous_1)
FN:100,getAllCasos
FN:104,getCasosRelacionados
FN:106,(anonymous_4)
FNF:5
FNH:0
FNDA:0,getCasoBySlug
FNDA:0,(anonymous_1)
FNDA:0,getAllCasos
FNDA:0,getCasosRelacionados
FNDA:0,(anonymous_4)
DA:21,0
DA:97,0
DA:101,0
DA:105,0
DA:106,0
LF:5
LH:0
BRDA:104,0,0,0
BRF:1
BRH:0
end_of_record
TN:
SF:src/data/comments.ts
FN:18,ensureCommentsFile
FN:27,loadComments
FN:34,saveComments
FN:39,getCommentsByPostSlug
FN:42,(anonymous_4)
FN:43,(anonymous_5)
FN:47,addComment
FN:64,approveComment
FN:66,(anonymous_8)
FN:75,deleteComment
FN:77,(anonymous_10)
FN:82,addReply
FN:87,(anonymous_12)
FNF:13
FNH:0
FNDA:0,ensureCommentsFile
FNDA:0,loadComments
FNDA:0,saveComments
FNDA:0,getCommentsByPostSlug
FNDA:0,(anonymous_4)
FNDA:0,(anonymous_5)
FNDA:0,addComment
FNDA:0,approveComment
FNDA:0,(anonymous_8)
FNDA:0,deleteComment
FNDA:0,(anonymous_10)
FNDA:0,addReply
FNDA:0,(anonymous_12)
DA:15,0
DA:19,0
DA:20,0
DA:22,0
DA:28,0
DA:29,0
DA:30,0
DA:35,0
DA:40,0
DA:41,0
DA:42,0
DA:43,0
DA:48,0
DA:50,0
DA:57,0
DA:58,0
DA:60,0
DA:65,0
DA:66,0
DA:68,0
DA:69,0
DA:70,0
DA:76,0
DA:77,0
DA:78,0
DA:86,0
DA:87,0
DA:89,0
DA:91,0
DA:98,0
DA:99,0
DA:102,0
DA:103,0
DA:105,0
LF:34
LH:0
BRDA:42,0,0,0
BRDA:42,0,1,0
BRDA:68,1,0,0
BRDA:68,1,1,0
BRDA:89,2,0,0
BRDA:89,2,1,0
BRDA:98,3,0,0
BRDA:98,3,1,0
BRF:8
BRH:0
end_of_record
TN:
SF:src/data/mapeo_imagenes.js
FN:263,buscarImagenPorDatos
FN:267,(anonymous_1)
FN:283,(anonymous_2)
FN:294,(anonymous_3)
FN:310,(anonymous_4)
FN:323,(anonymous_5)
FNF:6
FNH:0
FNDA:0,buscarImagenPorDatos
FNDA:0,(anonymous_1)
FNDA:0,(anonymous_2)
FNDA:0,(anonymous_3)
FNDA:0,(anonymous_4)
FNDA:0,(anonymous_5)
DA:4,0
DA:264,0
DA:267,0
DA:268,0
DA:269,0
DA:277,0
DA:278,0
DA:279,0
DA:282,0
DA:283,0
DA:284,0
DA:286,0
DA:287,0
DA:288,0
DA:293,0
DA:294,0
DA:295,0
DA:296,0
DA:298,0
DA:302,0
DA:303,0
DA:304,0
DA:309,0
DA:310,0
DA:311,0
DA:312,0
DA:315,0
DA:316,0
DA:317,0
DA:322,0
DA:323,0
DA:324,0
DA:325,0
DA:326,0
DA:329,0
DA:330,0
DA:331,0
DA:335,0
DA:336,0
LF:39
LH:0
BRDA:268,0,0,0
BRDA:268,0,1,0
BRDA:282,1,0,0
BRDA:282,1,1,0
BRDA:284,2,0,0
BRDA:284,2,1,0
BRDA:286,3,0,0
BRDA:286,3,1,0
BRDA:293,4,0,0
BRDA:293,4,1,0
BRDA:293,5,0,0
BRDA:293,5,1,0
BRDA:298,6,0,0
BRDA:298,6,1,0
BRDA:298,6,2,0
BRDA:302,7,0,0
BRDA:302,7,1,0
BRDA:309,8,0,0
BRDA:309,8,1,0
BRDA:312,9,0,0
BRDA:312,9,1,0
BRDA:315,10,0,0
BRDA:315,10,1,0
BRDA:322,11,0,0
BRDA:322,11,1,0
BRDA:324,12,0,0
BRDA:324,12,1,0
BRDA:326,13,0,0
BRDA:326,13,1,0
BRDA:329,14,0,0
BRDA:329,14,1,0
BRF:31
BRH:0
end_of_record
TN:
SF:src/data/mapeo_imagenes_completo.js
FN:3272,buscarImagenPorDatos
FN:3275,(anonymous_1)
FN:3286,(anonymous_2)
FN:3309,(anonymous_3)
FN:3326,(anonymous_4)
FN:3347,(anonymous_5)
FNF:6
FNH:0
FNDA:0,buscarImagenPorDatos
FNDA:0,(anonymous_1)
FNDA:0,(anonymous_2)
FNDA:0,(anonymous_3)
FNDA:0,(anonymous_4)
FNDA:0,(anonymous_5)
DA:6,0
DA:3273,0
DA:3275,0
DA:3276,0
DA:3277,0
DA:3286,0
DA:3288,0
DA:3292,0
DA:3294,0
DA:3298,0
DA:3299,0
DA:3300,0
DA:3301,0
DA:3304,0
DA:3308,0
DA:3309,0
DA:3310,0
DA:3312,0
DA:3313,0
DA:3314,0
DA:3316,0
DA:3317,0
DA:3322,0
DA:3323,0
DA:3324,0
DA:3326,0
DA:3327,0
DA:3328,0
DA:3329,0
DA:3331,0
DA:3336,0
DA:3338,0
DA:3339,0
DA:3340,0
DA:3342,0
DA:3343,0
DA:3347,0
DA:3348,0
DA:3349,0
DA:3352,0
DA:3354,0
DA:3355,0
DA:3356,0
DA:3358,0
DA:3359,0
DA:3362,0
DA:3363,0
LF:47
LH:0
BRDA:3276,0,0,0
BRDA:3276,0,1,0
BRDA:3292,1,0,0
BRDA:3292,1,1,0
BRDA:3294,2,0,0
BRDA:3294,2,1,0
BRDA:3294,2,2,0
BRDA:3298,3,0,0
BRDA:3298,3,1,0
BRDA:3308,4,0,0
BRDA:3308,4,1,0
BRDA:3310,5,0,0
BRDA:3310,5,1,0
BRDA:3312,6,0,0
BRDA:3312,6,1,0
BRDA:3331,7,0,0
BRDA:3331,7,1,0
BRDA:3331,7,2,0
BRDA:3336,8,0,0
BRDA:3336,8,1,0
BRDA:3338,9,0,0
BRDA:3338,9,1,0
BRDA:3352,10,0,0
BRDA:3352,10,1,0
BRDA:3354,11,0,0
BRDA:3354,11,1,0
BRF:26
BRH:0
end_of_record
TN:
SF:src/data/servicios.ts
FN:84,getAllServicios
FN:88,getServicioBySlug
FN:89,(anonymous_2)
FNF:3
FNH:0
FNDA:0,getAllServicios
FNDA:0,getServicioBySlug
FNDA:0,(anonymous_2)
DA:9,0
DA:85,0
DA:89,0
LF:3
LH:0
BRF:0
BRH:0
end_of_record
TN:
SF:src/data/servicios_reales_db.js
FN:279,(anonymous_0)
FNF:1
FNH:0
FNDA:0,(anonymous_0)
DA:5,0
DA:279,0
DA:280,0
DA:281,0
LF:4
LH:0
BRF:0
BRH:0
end_of_record
TN:
SF:src/data/servicios_seo_config.js
FN:194,(anonymous_0)
FN:212,getServiceSEO
FNF:2
FNH:0
FNDA:0,(anonymous_0)
FNDA:0,getServiceSEO
DA:7,0
DA:194,0
DA:213,0
DA:219,0
DA:250,0
LF:5
LH:0
BRDA:213,0,0,0
BRDA:213,0,1,0
BRF:2
BRH:0
end_of_record
TN:
SF:src/data/verticales.js
FN:58,clasificarEnVertical
FN:67,(anonymous_1)
FN:92,filtrarPorVertical
FN:93,(anonymous_3)
FNF:4
FNH:0
FNDA:0,clasificarEnVertical
FNDA:0,(anonymous_1)
FNDA:0,filtrarPorVertical
FNDA:0,(anonymous_3)
DA:2,0
DA:59,0
DA:60,0
DA:61,0
DA:62,0
DA:65,0
DA:67,0
DA:69,0
DA:70,0
DA:71,0
DA:76,0
DA:77,0
DA:78,0
DA:83,0
DA:93,0
LF:15
LH:0
BRDA:59,0,0,0
BRDA:59,0,1,0
BRDA:60,1,0,0
BRDA:60,1,1,0
BRDA:61,2,0,0
BRDA:61,2,1,0
BRDA:62,3,0,0
BRDA:62,3,1,0
BRDA:70,4,0,0
BRDA:70,4,1,0
BRDA:70,5,0,0
BRDA:70,5,1,0
BRDA:70,5,2,0
BRDA:77,6,0,0
BRDA:77,6,1,0
BRF:15
BRH:0
end_of_record
TN:
SF:src/lib/alert-notifications.ts
FN:13,sendSlackAlert
FN:39,(anonymous_1)
FN:68,sendDiscordAlert
FN:88,(anonymous_3)
FN:129,sendEmailAlert
FN:146,(anonymous_5)
FN:208,sendAlert
FNF:7
FNH:0
FNDA:0,sendSlackAlert
FNDA:0,(anonymous_1)
FNDA:0,sendDiscordAlert
FNDA:0,(anonymous_3)
FNDA:0,sendEmailAlert
FNDA:0,(anonymous_5)
FNDA:0,sendAlert
DA:19,0
DA:21,0
DA:22,0
DA:23,0
DA:26,0
DA:32,0
DA:39,0
DA:51,0
DA:52,0
DA:58,0
DA:60,0
DA:61,0
DA:74,0
DA:76,0
DA:77,0
DA:78,0
DA:81,0
DA:87,0
DA:88,0
DA:95,0
DA:112,0
DA:113,0
DA:119,0
DA:121,0
DA:122,0
DA:135,0
DA:137,0
DA:138,0
DA:139,0
DA:142,0
DA:144,0
DA:146,0
DA:150,0
DA:188,0
DA:190,0
DA:191,0
DA:192,0
DA:194,0
DA:198,0
DA:200,0
DA:201,0
DA:214,0
DA:221,0
DA:231,0
LF:44
LH:0
BRDA:21,0,0,0
BRDA:21,0,1,0
BRDA:35,1,0,0
BRDA:35,1,1,0
BRDA:38,2,0,0
BRDA:38,2,1,0
BRDA:76,3,0,0
BRDA:76,3,1,0
BRDA:87,4,0,0
BRDA:87,4,1,0
BRDA:98,5,0,0
BRDA:98,5,1,0
BRDA:137,6,0,0
BRDA:137,6,1,0
BRDA:144,7,0,0
BRDA:144,7,1,0
BRF:16
BRH:0
end_of_record
TN:
SF:src/lib/directus-v2.ts
FN:20,checkDirectusHealthV2
FN:23,(anonymous_1)
FN:45,getAntecedentesV2
FN:142,searchAntecedentesV2
FN:179,(anonymous_4)
FN:197,getEstadisticasEmpresariales
FNF:6
FNH:0
FNDA:0,checkDirectusHealthV2
FNDA:0,(anonymous_1)
FNDA:0,getAntecedentesV2
FNDA:0,searchAntecedentesV2
FNDA:0,(anonymous_4)
FNDA:0,getEstadisticasEmpresariales
DA:4,0
DA:14,0
DA:21,0
DA:22,0
DA:23,0
DA:25,0
DA:26,0
DA:28,0
DA:34,0
DA:35,0
DA:46,0
DA:47,0
DA:55,0
DA:62,0
DA:65,0
DA:132,0
DA:143,0
DA:144,0
DA:159,0
DA:168,0
DA:179,0
DA:180,0
DA:186,0
DA:198,0
LF:24
LH:0
BRDA:5,0,0,0
BRDA:5,0,1,0
BRDA:29,1,0,0
BRDA:29,1,1,0
BRDA:45,2,0,0
BRDA:180,3,0,0
BRDA:180,3,1,0
BRDA:180,3,2,0
BRDA:180,3,3,0
BRF:9
BRH:0
end_of_record
TN:
SF:src/lib/directus.js
FN:18,(anonymous_0)
FN:22,(anonymous_1)
FN:29,(anonymous_2)
FN:36,(anonymous_3)
FNF:4
FNH:0
FNDA:0,(anonymous_0)
FNDA:0,(anonymous_1)
FNDA:0,(anonymous_2)
FNDA:0,(anonymous_3)
DA:4,0
DA:5,0
DA:6,0
DA:9,0
DA:18,0
DA:19,0
DA:22,0
DA:23,0
DA:24,0
DA:25,0
DA:28,0
DA:30,0
DA:34,0
DA:37,0
DA:42,0
LF:15
LH:0
BRDA:6,0,0,0
BRDA:6,0,1,0
BRDA:19,1,0,0
BRDA:19,1,1,0
BRDA:32,2,0,0
BRDA:32,2,1,0
BRDA:39,3,0,0
BRDA:39,3,1,0
BRF:8
BRH:0
end_of_record
TN:
SF:src/lib/directus.ts
FN:22,(anonymous_0)
FN:69,(anonymous_1)
FN:72,(anonymous_2)
FN:75,(anonymous_3)
FNF:4
FNH:0
FNDA:0,(anonymous_0)
FNDA:0,(anonymous_1)
FNDA:0,(anonymous_2)
FNDA:0,(anonymous_3)
DA:4,0
DA:17,0
DA:18,0
DA:22,0
DA:23,0
DA:69,0
DA:70,0
DA:72,0
DA:73,0
DA:75,0
DA:76,0
LF:11
LH:0
BRDA:5,0,0,0
BRDA:5,0,1,0
BRDA:17,1,0,0
BRDA:17,1,1,0
BRDA:17,2,0,0
BRDA:17,2,1,0
BRDA:69,3,0,0
BRDA:72,4,0,0
BRDA:75,5,0,0
BRF:9
BRH:0
end_of_record
TN:
SF:src/lib/metrics-store.ts
FN:22,ensureDir
FN:31,getMetricsFile
FN:42,readJSON
FN:56,writeJSON
FN:74,storeMetric
FN:89,(anonymous_5)
FN:110,storeAlert
FN:137,getMetricsHistory
FN:149,(anonymous_8)
FN:154,(anonymous_9)
FN:160,getMemoryTrend
FN:163,(anonymous_11)
FN:176,getAlertStats
FN:178,(anonymous_13)
FN:181,(anonymous_14)
FN:182,(anonymous_15)
FN:184,(anonymous_16)
FN:188,(anonymous_17)
FN:195,getConfig
FN:222,updateConfig
FN:242,getRecentAlerts
FN:250,cleanupOldMetrics
FN:256,(anonymous_22)
FN:259,(anonymous_23)
FN:270,(anonymous_24)
FNF:25
FNH:0
FNDA:0,ensureDir
FNDA:0,getMetricsFile
FNDA:0,readJSON
FNDA:0,writeJSON
FNDA:0,storeMetric
FNDA:0,(anonymous_5)
FNDA:0,storeAlert
FNDA:0,getMetricsHistory
FNDA:0,(anonymous_8)
FNDA:0,(anonymous_9)
FNDA:0,getMemoryTrend
FNDA:0,(anonymous_11)
FNDA:0,getAlertStats
FNDA:0,(anonymous_13)
FNDA:0,(anonymous_14)
FNDA:0,(anonymous_15)
FNDA:0,(anonymous_16)
FNDA:0,(anonymous_17)
FNDA:0,getConfig
FNDA:0,updateConfig
FNDA:0,getRecentAlerts
FNDA:0,cleanupOldMetrics
FNDA:0,(anonymous_22)
FNDA:0,(anonymous_23)
FNDA:0,(anonymous_24)
DA:16,0
DA:17,0
DA:18,0
DA:19,0
DA:23,0
DA:24,0
DA:32,0
DA:33,0
DA:34,0
DA:35,0
DA:36,0
DA:43,0
DA:44,0
DA:45,0
DA:46,0
DA:48,0
DA:49,0
DA:57,0
DA:58,0
DA:59,0
DA:60,0
DA:61,0
DA:63,0
DA:64,0
DA:66,0
DA:67,0
DA:84,0
DA:85,0
DA:88,0
DA:89,0
DA:90,0
DA:93,0
DA:94,0
DA:96,0
DA:100,0
DA:101,0
DA:104,0
DA:119,0
DA:121,0
DA:127,0
DA:128,0
DA:131,0
DA:138,0
DA:139,0
DA:140,0
DA:143,0
DA:144,0
DA:145,0
DA:147,0
DA:148,0
DA:149,0
DA:150,0
DA:154,0
DA:161,0
DA:163,0
DA:177,0
DA:178,0
DA:180,0
DA:181,0
DA:182,0
DA:185,0
DA:186,0
DA:188,0
DA:196,0
DA:198,0
DA:211,0
DA:212,0
DA:213,0
DA:216,0
DA:234,0
DA:235,0
DA:236,0
DA:243,0
DA:244,0
DA:251,0
DA:252,0
DA:253,0
DA:254,0
DA:256,0
DA:257,0
DA:259,0
DA:260,0
DA:261,0
DA:262,0
DA:263,0
DA:264,0
DA:269,0
DA:270,0
DA:271,0
DA:272,0
DA:275,0
LF:91
LH:0
BRDA:23,0,0,0
BRDA:23,0,1,0
BRDA:31,1,0,0
BRDA:42,2,0,0
BRDA:44,3,0,0
BRDA:44,3,1,0
BRDA:60,4,0,0
BRDA:60,4,1,0
BRDA:93,5,0,0
BRDA:93,5,1,0
BRDA:100,6,0,0
BRDA:100,6,1,0
BRDA:127,7,0,0
BRDA:127,7,1,0
BRDA:137,8,0,0
BRDA:147,9,0,0
BRDA:147,9,1,0
BRDA:160,10,0,0
BRDA:176,11,0,0
BRDA:185,12,0,0
BRDA:185,12,1,0
BRDA:211,13,0,0
BRDA:211,13,1,0
BRDA:242,14,0,0
BRDA:253,15,0,0
BRDA:253,15,1,0
BRDA:256,16,0,0
BRDA:256,16,1,0
BRDA:262,17,0,0
BRDA:262,17,1,0
BRDA:271,18,0,0
BRDA:271,18,1,0
BRF:32
BRH:0
end_of_record
TN:
SF:src/lib/staticPaths.js
FN:3,(anonymous_0)
FN:16,generateStaticPaths
FN:32,(anonymous_2)
FNF:3
FNH:0
FNDA:0,(anonymous_0)
FNDA:0,generateStaticPaths
FNDA:0,(anonymous_2)
DA:3,0
DA:4,0
DA:5,0
DA:6,0
DA:7,0
DA:8,0
DA:9,0
DA:10,0
DA:11,0
DA:12,0
DA:13,0
DA:17,0
DA:18,0
DA:19,0
DA:25,0
DA:27,0
DA:28,0
DA:29,0
DA:32,0
DA:33,0
DA:34,0
DA:38,0
DA:41,0
DA:42,0
LF:24
LH:0
BRDA:3,0,0,0
BRDA:4,1,0,0
BRDA:4,1,1,0
BRDA:13,2,0,0
BRDA:13,2,1,0
BRDA:27,3,0,0
BRDA:27,3,1,0
BRF:7
BRH:0
end_of_record
TN:
SF:src/pages/Layout.css.ts
FN:1,(anonymous_0)
FNF:1
FNH:0
FNDA:0,(anonymous_0)
DA:1,0
DA:2,0
LF:2
LH:0
BRF:0
BRH:0
end_of_record
TN:
SF:src/pages/health.ts
FN:6,(anonymous_0)
FNF:1
FNH:0
FNDA:0,(anonymous_0)
DA:6,0
DA:7,0
DA:10,0
DA:21,0
DA:22,0
DA:24,0
DA:25,0
DA:27,0
DA:32,0
DA:38,0
DA:47,0
DA:48,0
DA:56,0
DA:59,0
DA:60,0
DA:62,0
DA:63,0
DA:67,0
DA:75,0
LF:19
LH:0
BRDA:16,0,0,0
BRDA:16,0,1,0
BRDA:17,1,0,0
BRDA:17,1,1,0
BRDA:21,2,0,0
BRDA:21,2,1,0
BRDA:24,3,0,0
BRDA:24,3,1,0
BRDA:33,4,0,0
BRDA:33,4,1,0
BRDA:60,5,0,0
BRDA:60,5,1,0
BRDA:62,6,0,0
BRDA:62,6,1,0
BRF:14
BRH:0
end_of_record
TN:
SF:src/pages/index-optimized.css.ts
FN:1,(anonymous_0)
FNF:1
FNH:0
FNDA:0,(anonymous_0)
DA:1,0
DA:2,0
LF:2
LH:0
BRF:0
BRH:0
end_of_record
TN:
SF:src/pages/manifest.json.ts
FN:3,(anonymous_0)
FNF:1
FNH:0
FNDA:0,(anonymous_0)
DA:3,0
DA:4,0
DA:34,0
LF:3
LH:0
BRF:0
BRH:0
end_of_record
TN:
SF:src/pages/robots.txt.ts
FN:5,(anonymous_0)
FNF:1
FNH:0
FNDA:0,(anonymous_0)
DA:3,0
DA:5,0
DA:6,0
DA:30,0
LF:4
LH:0
BRF:0
BRH:0
end_of_record
TN:
SF:src/pages/rss.xml.js
FN:5,GET
FN:11,(anonymous_1)
FNF:2
FNH:0
FNDA:0,GET
FNDA:0,(anonymous_1)
DA:6,0
DA:7,0
DA:11,0
LF:3
LH:0
BRF:0
BRH:0
end_of_record
TN:
SF:src/pages/sitemap-antecedentes.xml.ts
FN:5,formatDate
FN:12,generateSlug
FN:22,generateSitemapXml
FN:28,(anonymous_3)
FN:42,(anonymous_4)
FNF:5
FNH:0
FNDA:0,formatDate
FNDA:0,generateSlug
FNDA:0,generateSitemapXml
FNDA:0,(anonymous_3)
FNDA:0,(anonymous_4)
DA:3,0
DA:6,0
DA:7,0
DA:8,0
DA:13,0
DA:23,0
DA:25,0
DA:29,0
DA:30,0
DA:31,0
DA:42,0
DA:43,0
DA:45,0
DA:46,0
DA:48,0
DA:58,0
DA:60,0
DA:61,0
DA:62,0
DA:65,0
DA:66,0
DA:73,0
DA:75,0
DA:83,0
DA:86,0
DA:96,0
LF:26
LH:0
BRDA:8,0,0,0
BRDA:8,0,1,0
BRDA:29,1,0,0
BRDA:29,1,1,0
BRDA:29,1,2,0
BRDA:30,2,0,0
BRDA:30,2,1,0
BRDA:30,2,2,0
BRDA:45,3,0,0
BRDA:45,3,1,0
BRDA:46,4,0,0
BRDA:46,4,1,0
BRDA:60,5,0,0
BRDA:60,5,1,0
BRDA:62,6,0,0
BRDA:62,6,1,0
BRF:16
BRH:0
end_of_record
TN:
SF:src/pages/sitemap-index.xml.ts
FN:5,formatDate
FN:11,generateSitemapIndexXml
FN:30,(anonymous_2)
FNF:3
FNH:0
FNDA:0,formatDate
FNDA:0,generateSitemapIndexXml
FNDA:0,(anonymous_2)
DA:3,0
DA:6,0
DA:7,0
DA:8,0
DA:12,0
DA:14,0
DA:30,0
DA:31,0
DA:33,0
LF:9
LH:0
BRDA:8,0,0,0
BRDA:8,0,1,0
BRF:2
BRH:0
end_of_record
TN:
SF:src/pages/sitemap.xml.ts
FN:6,formatDate
FN:11,generateSitemapXml
FN:87,(anonymous_2)
FN:102,(anonymous_3)
FNF:4
FNH:0
FNDA:0,formatDate
FNDA:0,generateSitemapXml
FNDA:0,(anonymous_2)
FNDA:0,(anonymous_3)
DA:4,0
DA:7,0
DA:8,0
DA:12,0
DA:87,0
DA:102,0
DA:103,0
DA:104,0
DA:106,0
LF:9
LH:0
BRDA:7,0,0,0
BRDA:7,0,1,0
BRDA:7,1,0,0
BRDA:7,1,1,0
BRDA:8,2,0,0
BRDA:8,2,1,0
BRDA:90,3,0,0
BRDA:90,3,1,0
BRDA:93,4,0,0
BRDA:93,4,1,0
BRF:10
BRH:0
end_of_record
TN:
SF:src/pages/api/comments.ts
FN:4,(anonymous_0)
FN:35,(anonymous_1)
FNF:2
FNH:0
FNDA:0,(anonymous_0)
FNDA:0,(anonymous_1)
DA:4,0
DA:5,0
DA:6,0
DA:8,0
DA:9,0
DA:17,0
DA:18,0
DA:19,0
DA:26,0
DA:35,0
DA:36,0
DA:37,0
DA:40,0
DA:41,0
DA:49,0
DA:56,0
DA:63,0
LF:17
LH:0
BRDA:8,0,0,0
BRDA:8,0,1,0
BRDA:40,1,0,0
BRDA:40,1,1,0
BRDA:40,2,0,0
BRDA:40,2,1,0
BRDA:40,2,2,0
BRDA:40,2,3,0
BRF:8
BRH:0
end_of_record
TN:
SF:src/pages/api/config.json.ts
FN:14,validateConfig
FN:65,(anonymous_1)
FN:90,(anonymous_2)
FNF:3
FNH:0
FNDA:0,validateConfig
FNDA:0,(anonymous_1)
FNDA:0,(anonymous_2)
DA:15,0
DA:17,0
DA:18,0
DA:19,0
DA:23,0
DA:24,0
DA:25,0
DA:29,0
DA:30,0
DA:31,0
DA:35,0
DA:36,0
DA:37,0
DA:41,0
DA:42,0
DA:43,0
DA:47,0
DA:48,0
DA:49,0
DA:53,0
DA:54,0
DA:55,0
DA:59,0
DA:65,0
DA:66,0
DA:67,0
DA:69,0
DA:77,0
DA:90,0
DA:91,0
DA:93,0
DA:94,0
DA:95,0
DA:101,0
DA:104,0
DA:105,0
DA:106,0
DA:113,0
DA:116,0
DA:117,0
DA:122,0
DA:123,0
LF:42
LH:0
BRDA:17,0,0,0
BRDA:17,0,1,0
BRDA:18,1,0,0
BRDA:18,1,1,0
BRDA:18,2,0,0
BRDA:18,2,1,0
BRDA:18,2,2,0
BRDA:23,3,0,0
BRDA:23,3,1,0
BRDA:24,4,0,0
BRDA:24,4,1,0
BRDA:24,5,0,0
BRDA:24,5,1,0
BRDA:24,5,2,0
BRDA:29,6,0,0
BRDA:29,6,1,0
BRDA:30,7,0,0
BRDA:30,7,1,0
BRDA:30,8,0,0
BRDA:30,8,1,0
BRDA:30,8,2,0
BRDA:35,9,0,0
BRDA:35,9,1,0
BRDA:36,10,0,0
BRDA:36,10,1,0
BRDA:36,11,0,0
BRDA:36,11,1,0
BRDA:36,11,2,0
BRDA:41,12,0,0
BRDA:41,12,1,0
BRDA:42,13,0,0
BRDA:42,13,1,0
BRDA:47,14,0,0
BRDA:47,14,1,0
BRDA:48,15,0,0
BRDA:48,15,1,0
BRDA:53,16,0,0
BRDA:53,16,1,0
BRDA:54,17,0,0
BRDA:54,17,1,0
BRDA:80,18,0,0
BRDA:80,18,1,0
BRDA:93,19,0,0
BRDA:93,19,1,0
BRDA:94,20,0,0
BRDA:94,20,1,0
BRDA:94,21,0,0
BRDA:94,21,1,0
BRDA:94,21,2,0
BRDA:105,22,0,0
BRDA:105,22,1,0
BRDA:126,23,0,0
BRDA:126,23,1,0
BRF:53
BRH:0
end_of_record
TN:
SF:src/pages/api/contact.ts
FN:25,isValidEmail
FN:31,isSpam
FN:66,checkRateLimit
FN:71,(anonymous_3)
FN:87,hasHoneypot
FN:92,(anonymous_5)
FNF:6
FNH:0
FNDA:0,isValidEmail
FNDA:0,isSpam
FNDA:0,checkRateLimit
FNDA:0,(anonymous_3)
FNDA:0,hasHoneypot
FNDA:0,(anonymous_5)
DA:5,0
DA:6,0
DA:7,0
DA:10,0
DA:26,0
DA:27,0
DA:32,0
DA:33,0
DA:34,0
DA:37,0
DA:38,0
DA:39,0
DA:44,0
DA:45,0
DA:49,0
DA:50,0
DA:54,0
DA:59,0
DA:62,0
DA:67,0
DA:68,0
DA:71,0
DA:72,0
DA:75,0
DA:76,0
DA:80,0
DA:81,0
DA:83,0
DA:89,0
DA:92,0
DA:93,0
DA:95,0
DA:98,0
DA:99,0
DA:111,0
DA:113,0
DA:114,0
DA:117,0
DA:118,0
DA:119,0
DA:120,0
DA:125,0
DA:126,0
DA:127,0
DA:138,0
DA:141,0
DA:142,0
DA:154,0
DA:155,0
DA:167,0
DA:168,0
DA:169,0
DA:181,0
DA:195,0
DA:200,0
DA:270,0
DA:272,0
DA:282,0
DA:283,0
DA:296,0
LF:60
LH:0
BRDA:33,0,0,0
BRDA:33,0,1,0
BRDA:34,1,0,0
BRDA:34,1,1,0
BRDA:38,2,0,0
BRDA:38,2,1,0
BRDA:38,3,0,0
BRDA:38,3,1,0
BRDA:44,4,0,0
BRDA:44,4,1,0
BRDA:49,5,0,0
BRDA:49,5,1,0
BRDA:54,6,0,0
BRDA:54,6,1,0
BRDA:54,7,0,0
BRDA:54,7,1,0
BRDA:54,7,2,0
BRDA:54,7,3,0
BRDA:54,7,4,0
BRDA:68,8,0,0
BRDA:68,8,1,0
BRDA:75,9,0,0
BRDA:75,9,1,0
BRDA:89,10,0,0
BRDA:89,10,1,0
BRDA:95,11,0,0
BRDA:95,11,1,0
BRDA:95,11,2,0
BRDA:95,11,3,0
BRDA:98,12,0,0
BRDA:98,12,1,0
BRDA:111,13,0,0
BRDA:111,13,1,0
BRDA:113,14,0,0
BRDA:113,14,1,0
BRDA:125,15,0,0
BRDA:125,15,1,0
BRDA:141,16,0,0
BRDA:141,16,1,0
BRDA:141,17,0,0
BRDA:141,17,1,0
BRDA:141,17,2,0
BRDA:154,18,0,0
BRDA:154,18,1,0
BRDA:167,19,0,0
BRDA:167,19,1,0
BRDA:184,20,0,0
BRDA:184,20,1,0
BRDA:185,21,0,0
BRDA:185,21,1,0
BRDA:186,22,0,0
BRDA:186,22,1,0
BRDA:187,23,0,0
BRDA:187,23,1,0
BRDA:188,24,0,0
BRDA:188,24,1,0
BRDA:195,25,0,0
BRDA:195,25,1,0
BRDA:219,26,0,0
BRDA:219,26,1,0
BRDA:225,27,0,0
BRDA:225,27,1,0
BRDA:239,28,0,0
BRDA:239,28,1,0
BRDA:245,29,0,0
BRDA:245,29,1,0
BRF:66
BRH:0
end_of_record
TN:
SF:src/pages/api/get-articles.ts
FN:2,get
FNF:1
FNH:0
FNDA:0,get
DA:3,0
DA:4,0
DA:6,0
LF:3
LH:0
BRF:0
BRH:0
end_of_record
TN:
SF:src/pages/api/rebuild.ts
FN:13,(anonymous_0)
FN:28,(anonymous_1)
FN:141,(anonymous_2)
FNF:3
FNH:0
FNDA:0,(anonymous_0)
FNDA:0,(anonymous_1)
FNDA:0,(anonymous_2)
DA:9,0
DA:10,0
DA:13,0
DA:14,0
DA:15,0
DA:16,0
DA:19,0
DA:20,0
DA:21,0
DA:23,0
DA:28,0
DA:29,0
DA:31,0
DA:32,0
DA:35,0
DA:36,0
DA:37,0
DA:38,0
DA:48,0
DA:49,0
DA:52,0
DA:53,0
DA:54,0
DA:55,0
DA:65,0
DA:66,0
DA:68,0
DA:71,0
DA:72,0
DA:73,0
DA:83,0
DA:85,0
DA:87,0
DA:93,0
DA:94,0
DA:95,0
DA:97,0
DA:110,0
DA:111,0
DA:113,0
DA:126,0
DA:127,0
DA:129,0
DA:141,0
DA:143,0
DA:145,0
LF:46
LH:0
BRDA:9,0,0,0
BRDA:9,0,1,0
BRDA:13,1,0,0
BRDA:19,2,0,0
BRDA:19,2,1,0
BRDA:36,3,0,0
BRDA:36,3,1,0
BRDA:52,4,0,0
BRDA:52,4,1,0
BRDA:53,5,0,0
BRDA:53,5,1,0
BRDA:65,6,0,0
BRDA:65,6,1,0
BRDA:66,7,0,0
BRDA:66,7,1,0
BRDA:71,8,0,0
BRDA:71,8,1,0
BRDA:150,9,0,0
BRDA:150,9,1,0
BRF:19
BRH:0
end_of_record
TN:
SF:src/pages/api/status.json.ts
FN:65,parseMemory
FN:107,getPM2Status
FN:147,checkNginxPorts
FN:182,getRecentLogs
FN:194,(anonymous_4)
FN:195,(anonymous_5)
FN:220,(anonymous_6)
FN:221,(anonymous_7)
FN:234,(anonymous_8)
FN:238,(anonymous_9)
FN:277,(anonymous_10)
FNF:11
FNH:0
FNDA:0,parseMemory
FNDA:0,getPM2Status
FNDA:0,checkNginxPorts
FNDA:0,getRecentLogs
FNDA:0,(anonymous_4)
FNDA:0,(anonymous_5)
FNDA:0,(anonymous_6)
FNDA:0,(anonymous_7)
FNDA:0,(anonymous_8)
FNDA:0,(anonymous_9)
FNDA:0,(anonymous_10)
DA:17,0
DA:66,0
DA:67,0
DA:68,0
DA:70,0
DA:71,0
DA:83,0
DA:84,0
DA:85,0
DA:86,0
DA:88,0
DA:89,0
DA:91,0
DA:92,0
DA:93,0
DA:95,0
DA:108,0
DA:109,0
DA:115,0
DA:116,0
DA:118,0
DA:119,0
DA:120,0
DA:124,0
DA:125,0
DA:133,0
DA:139,0
DA:148,0
DA:154,0
DA:156,0
DA:157,0
DA:158,0
DA:162,0
DA:169,0
DA:178,0
DA:183,0
DA:186,0
DA:187,0
DA:191,0
DA:192,0
DA:194,0
DA:196,0
DA:197,0
DA:198,0
DA:212,0
DA:213,0
DA:217,0
DA:218,0
DA:220,0
DA:222,0
DA:234,0
DA:238,0
DA:239,0
DA:241,0
DA:242,0
DA:245,0
DA:248,0
DA:251,0
DA:254,0
DA:256,0
DA:257,0
DA:258,0
DA:259,0
DA:262,0
DA:263,0
DA:264,0
DA:268,0
DA:269,0
DA:270,0
DA:275,0
DA:276,0
DA:277,0
DA:279,0
DA:291,0
DA:299,0
LF:75
LH:0
BRDA:70,0,0,0
BRDA:70,0,1,0
BRDA:70,1,0,0
BRDA:70,1,1,0
BRDA:92,2,0,0
BRDA:92,2,1,0
BRDA:93,3,0,0
BRDA:93,3,1,0
BRDA:119,4,0,0
BRDA:119,4,1,0
BRDA:122,5,0,0
BRDA:122,5,1,0
BRDA:124,6,0,0
BRDA:124,6,1,0
BRDA:127,7,0,0
BRDA:127,7,1,0
BRDA:133,8,0,0
BRDA:133,8,1,0
BRDA:166,9,0,0
BRDA:166,9,1,0
BRDA:191,10,0,0
BRDA:191,10,1,0
BRDA:197,11,0,0
BRDA:197,11,1,0
BRDA:200,12,0,0
BRDA:200,12,1,0
BRDA:217,13,0,0
BRDA:217,13,1,0
BRDA:256,14,0,0
BRDA:256,14,1,0
BRDA:258,15,0,0
BRDA:258,15,1,0
BRDA:263,16,0,0
BRDA:263,16,1,0
BRDA:269,17,0,0
BRDA:269,17,1,0
BRDA:276,18,0,0
BRDA:276,18,1,0
BRDA:277,19,0,0
BRDA:277,19,1,0
BRDA:277,20,0,0
BRDA:277,20,1,0
BRDA:302,21,0,0
BRDA:302,21,1,0
BRF:44
BRH:0
end_of_record
TN:
SF:src/pages/api/umcli-v2.json.ts
FN:9,(anonymous_0)
FN:187,(anonymous_1)
FNF:2
FNH:0
FNDA:0,(anonymous_0)
FNDA:0,(anonymous_1)
DA:9,0
DA:10,0
DA:11,0
DA:12,0
DA:13,0
DA:14,0
DA:16,0
DA:18,0
DA:20,0
DA:33,0
DA:35,0
DA:36,0
DA:37,0
DA:43,0
DA:49,0
DA:52,0
DA:53,0
DA:57,0
DA:60,0
DA:61,0
DA:74,0
DA:77,0
DA:78,0
DA:82,0
DA:85,0
DA:105,0
DA:109,0
DA:114,0
DA:150,0
DA:152,0
DA:167,0
DA:169,0
DA:187,0
DA:188,0
LF:34
LH:0
BRDA:12,0,0,0
BRDA:12,0,1,0
BRDA:13,1,0,0
BRDA:13,1,1,0
BRDA:14,2,0,0
BRDA:14,2,1,0
BRDA:33,3,0,0
BRDA:33,3,1,0
BRDA:33,3,2,0
BRDA:33,3,3,0
BRDA:33,3,4,0
BRDA:33,3,5,0
BRDA:35,4,0,0
BRDA:35,4,1,0
BRDA:159,5,0,0
BRDA:159,5,1,0
BRF:16
BRH:0
end_of_record
TN:
SF:src/pages/api/umcli.json.ts
FN:7,(anonymous_0)
FNF:1
FNH:0
FNDA:0,(anonymous_0)
DA:7,0
DA:8,0
DA:10,0
DA:11,0
DA:14,0
DA:15,0
DA:16,0
DA:19,0
DA:20,0
DA:22,0
DA:30,0
LF:11
LH:0
BRDA:31,0,0,0
BRDA:31,0,1,0
BRF:2
BRH:0
end_of_record
TN:
SF:src/pages/api/uptime.ts
FN:7,calculateUptime
FN:16,(anonymous_1)
FNF:2
FNH:0
FNDA:0,calculateUptime
FNDA:0,(anonymous_1)
DA:8,0
DA:9,0
DA:10,0
DA:11,0
DA:13,0
DA:16,0
DA:17,0
DA:19,0
DA:20,0
DA:22,0
DA:42,0
DA:44,0
LF:12
LH:0
BRDA:47,0,0,0
BRDA:47,0,1,0
BRF:2
BRH:0
end_of_record
TN:
SF:src/pages/api/asset/[id].ts
FN:3,(anonymous_0)
FNF:1
FNH:0
FNDA:0,(anonymous_0)
DA:3,0
DA:4,0
DA:5,0
DA:6,0
DA:7,0
DA:10,0
DA:13,0
DA:14,0
DA:15,0
DA:16,0
DA:20,0
DA:21,0
DA:23,0
DA:25,0
DA:26,0
DA:29,0
DA:30,0
DA:31,0
DA:36,0
DA:37,0
DA:40,0
DA:46,0
DA:47,0
DA:48,0
DA:52,0
DA:53,0
DA:56,0
DA:59,0
DA:67,0
DA:68,0
LF:30
LH:0
BRDA:5,0,0,0
BRDA:5,0,1,0
BRDA:14,1,0,0
BRDA:14,1,1,0
BRDA:20,2,0,0
BRDA:20,2,1,0
BRDA:30,3,0,0
BRDA:30,3,1,0
BRDA:46,4,0,0
BRDA:46,4,1,0
BRDA:62,5,0,0
BRDA:62,5,1,0
BRF:12
BRH:0
end_of_record
TN:
SF:src/pages/api/cli/query-directus.ts
FN:30,queryDirectusReal
FN:65,expandSearchQuery
FN:80,(anonymous_2)
FN:81,(anonymous_3)
FN:90,formatResults
FN:115,(anonymous_5)
FN:152,(anonymous_6)
FN:191,(anonymous_7)
FNF:8
FNH:0
FNDA:0,queryDirectusReal
FNDA:0,expandSearchQuery
FNDA:0,(anonymous_2)
FNDA:0,(anonymous_3)
FNDA:0,formatResults
FNDA:0,(anonymous_5)
FNDA:0,(anonymous_6)
FNDA:0,(anonymous_7)
DA:31,0
DA:32,0
DA:33,0
DA:36,0
DA:39,0
DA:41,0
DA:47,0
DA:52,0
DA:53,0
DA:55,0
DA:57,0
DA:59,0
DA:60,0
DA:66,0
DA:76,0
DA:77,0
DA:80,0
DA:81,0
DA:82,0
DA:86,0
DA:91,0
DA:97,0
DA:115,0
DA:116,0
DA:119,0
DA:120,0
DA:122,0
DA:136,0
DA:152,0
DA:153,0
DA:155,0
DA:156,0
DA:158,0
DA:172,0
DA:187,0
DA:191,0
DA:192,0
DA:193,0
DA:195,0
DA:196,0
DA:206,0
DA:207,0
DA:210,0
DA:211,0
DA:214,0
DA:217,0
DA:220,0
DA:234,0
DA:236,0
DA:245,0
DA:247,0
LF:51
LH:0
BRDA:52,0,0,0
BRDA:52,0,1,0
BRDA:53,1,0,0
BRDA:53,1,1,0
BRDA:81,2,0,0
BRDA:81,2,1,0
BRDA:81,3,0,0
BRDA:81,3,1,0
BRDA:119,4,0,0
BRDA:119,4,1,0
BRDA:127,5,0,0
BRDA:127,5,1,0
BRDA:129,6,0,0
BRDA:129,6,1,0
BRDA:141,7,0,0
BRDA:141,7,1,0
BRDA:143,8,0,0
BRDA:143,8,1,0
BRDA:155,9,0,0
BRDA:155,9,1,0
BRDA:163,10,0,0
BRDA:163,10,1,0
BRDA:177,11,0,0
BRDA:177,11,1,0
BRDA:195,12,0,0
BRDA:195,12,1,0
BRDA:195,13,0,0
BRDA:195,13,1,0
BRF:28
BRH:0
end_of_record
TN:
SF:src/pages/api/cli/query-real-only.ts
FN:28,queryDirectusRealOnly
FN:75,(anonymous_1)
FN:102,(anonymous_2)
FN:133,(anonymous_3)
FNF:4
FNH:0
FNDA:0,queryDirectusRealOnly
FNDA:0,(anonymous_1)
FNDA:0,(anonymous_2)
FNDA:0,(anonymous_3)
DA:29,0
DA:30,0
DA:31,0
DA:35,0
DA:53,0
DA:61,0
DA:68,0
DA:71,0
DA:72,0
DA:73,0
DA:75,0
DA:76,0
DA:79,0
DA:83,0
DA:98,0
DA:99,0
DA:100,0
DA:102,0
DA:103,0
DA:106,0
DA:110,0
DA:124,0
DA:127,0
DA:128,0
DA:133,0
DA:134,0
DA:135,0
DA:137,0
DA:138,0
DA:148,0
DA:149,0
DA:152,0
DA:155,0
DA:167,0
DA:169,0
DA:178,0
DA:180,0
LF:37
LH:0
BRDA:71,0,0,0
BRDA:71,0,1,0
BRDA:73,1,0,0
BRDA:73,1,1,0
BRDA:79,2,0,0
BRDA:79,2,1,0
BRDA:88,3,0,0
BRDA:88,3,1,0
BRDA:90,4,0,0
BRDA:90,4,1,0
BRDA:98,5,0,0
BRDA:98,5,1,0
BRDA:100,6,0,0
BRDA:100,6,1,0
BRDA:106,7,0,0
BRDA:106,7,1,0
BRDA:115,8,0,0
BRDA:115,8,1,0
BRDA:137,9,0,0
BRDA:137,9,1,0
BRDA:137,10,0,0
BRDA:137,10,1,0
BRF:22
BRH:0
end_of_record
TN:
SF:src/pages/api/cli/query-simple.ts
FN:11,queryDatabase
FN:15,(anonymous_1)
FN:30,queryDirectusAPI
FN:61,(anonymous_3)
FN:82,(anonymous_4)
FN:100,(anonymous_5)
FN:194,(anonymous_6)
FNF:7
FNH:0
FNDA:0,queryDatabase
FNDA:0,(anonymous_1)
FNDA:0,queryDirectusAPI
FNDA:0,(anonymous_3)
FNDA:0,(anonymous_4)
FNDA:0,(anonymous_5)
FNDA:0,(anonymous_6)
DA:6,0
DA:8,0
DA:12,0
DA:14,0
DA:15,0
DA:16,0
DA:19,0
DA:20,0
DA:22,0
DA:24,0
DA:25,0
DA:31,0
DA:32,0
DA:33,0
DA:36,0
DA:44,0
DA:51,0
DA:52,0
DA:54,0
DA:56,0
DA:57,0
DA:61,0
DA:62,0
DA:63,0
DA:65,0
DA:66,0
DA:74,0
DA:77,0
DA:79,0
DA:82,0
DA:83,0
DA:85,0
DA:100,0
DA:101,0
DA:103,0
DA:118,0
DA:119,0
DA:121,0
DA:122,0
DA:131,0
DA:132,0
DA:141,0
DA:142,0
DA:151,0
DA:152,0
DA:161,0
DA:171,0
DA:181,0
DA:183,0
DA:194,0
DA:195,0
DA:196,0
DA:197,0
DA:199,0
DA:217,0
LF:55
LH:0
BRDA:11,0,0,0
BRDA:51,1,0,0
BRDA:51,1,1,0
BRDA:52,2,0,0
BRDA:52,2,1,0
BRDA:65,3,0,0
BRDA:65,3,1,0
BRDA:65,4,0,0
BRDA:65,4,1,0
BRDA:83,5,0,0
BRDA:83,5,1,0
BRDA:90,6,0,0
BRDA:90,6,1,0
BRDA:92,7,0,0
BRDA:92,7,1,0
BRDA:101,8,0,0
BRDA:101,8,1,0
BRDA:108,9,0,0
BRDA:108,9,1,0
BRDA:118,10,0,0
BRDA:118,10,1,0
BRDA:121,11,0,0
BRDA:121,11,1,0
BRDA:131,12,0,0
BRDA:131,12,1,0
BRDA:141,13,0,0
BRDA:141,13,1,0
BRDA:151,14,0,0
BRDA:151,14,1,0
BRDA:197,15,0,0
BRDA:197,15,1,0
BRF:31
BRH:0
end_of_record
TN:
SF:src/pages/api/cli/query.ts
FN:28,queryDirectusRealOnly
FN:75,(anonymous_1)
FN:102,(anonymous_2)
FN:133,(anonymous_3)
FNF:4
FNH:0
FNDA:0,queryDirectusRealOnly
FNDA:0,(anonymous_1)
FNDA:0,(anonymous_2)
FNDA:0,(anonymous_3)
DA:29,0
DA:30,0
DA:31,0
DA:35,0
DA:53,0
DA:61,0
DA:68,0
DA:71,0
DA:72,0
DA:73,0
DA:75,0
DA:76,0
DA:79,0
DA:83,0
DA:98,0
DA:99,0
DA:100,0
DA:102,0
DA:103,0
DA:106,0
DA:110,0
DA:124,0
DA:127,0
DA:128,0
DA:133,0
DA:134,0
DA:135,0
DA:137,0
DA:138,0
DA:148,0
DA:149,0
DA:152,0
DA:155,0
DA:167,0
DA:169,0
DA:178,0
DA:180,0
LF:37
LH:0
BRDA:71,0,0,0
BRDA:71,0,1,0
BRDA:73,1,0,0
BRDA:73,1,1,0
BRDA:79,2,0,0
BRDA:79,2,1,0
BRDA:88,3,0,0
BRDA:88,3,1,0
BRDA:90,4,0,0
BRDA:90,4,1,0
BRDA:98,5,0,0
BRDA:98,5,1,0
BRDA:100,6,0,0
BRDA:100,6,1,0
BRDA:106,7,0,0
BRDA:106,7,1,0
BRDA:115,8,0,0
BRDA:115,8,1,0
BRDA:137,9,0,0
BRDA:137,9,1,0
BRDA:137,10,0,0
BRDA:137,10,1,0
BRF:22
BRH:0
end_of_record
TN:
SF:src/pages/api/comments/[id]/[action].ts
FN:4,(anonymous_0)
FNF:1
FNH:0
FNDA:0,(anonymous_0)
DA:4,0
DA:5,0
DA:7,0
DA:8,0
DA:16,0
DA:17,0
DA:19,0
DA:20,0
DA:22,0
DA:23,0
DA:25,0
DA:33,0
DA:40,0
LF:13
LH:0
BRDA:7,0,0,0
BRDA:7,0,1,0
BRDA:7,1,0,0
BRDA:7,1,1,0
BRDA:17,2,0,0
BRDA:17,2,1,0
BRDA:17,2,2,0
BRF:7
BRH:0
end_of_record
TN:
SF:src/pages/api/comments/[id]/reply.ts
FN:4,(anonymous_0)
FNF:1
FNH:0
FNDA:0,(anonymous_0)
DA:4,0
DA:5,0
DA:6,0
DA:7,0
DA:8,0
DA:16,0
DA:19,0
DA:20,0
DA:28,0
DA:35,0
DA:36,0
DA:44,0
DA:51,0
LF:13
LH:0
BRDA:7,0,0,0
BRDA:7,0,1,0
BRDA:19,1,0,0
BRDA:19,1,1,0
BRDA:19,2,0,0
BRDA:19,2,1,0
BRDA:19,2,2,0
BRDA:19,2,3,0
BRDA:35,3,0,0
BRDA:35,3,1,0
BRF:10
BRH:0
end_of_record
TN:
SF:src/pages/api/metrics/chart.json.ts
FN:15,(anonymous_0)
FN:30,(anonymous_1)
FN:34,(anonymous_2)
FN:35,(anonymous_3)
FN:37,(anonymous_4)
FN:46,(anonymous_5)
FN:83,(anonymous_6)
FNF:7
FNH:0
FNDA:0,(anonymous_0)
FNDA:0,(anonymous_1)
FNDA:0,(anonymous_2)
FNDA:0,(anonymous_3)
FNDA:0,(anonymous_4)
FNDA:0,(anonymous_5)
FNDA:0,(anonymous_6)
DA:15,0
DA:16,0
DA:17,0
DA:18,0
DA:20,0
DA:21,0
DA:27,0
DA:29,0
DA:30,0
DA:34,0
DA:35,0
DA:37,0
DA:43,0
DA:44,0
DA:46,0
DA:57,0
DA:68,0
DA:80,0
DA:81,0
DA:83,0
DA:93,0
DA:101,0
DA:102,0
LF:23
LH:0
BRDA:17,0,0,0
BRDA:17,0,1,0
BRDA:18,1,0,0
BRDA:18,1,1,0
BRDA:20,2,0,0
BRDA:20,2,1,0
BRDA:33,3,0,0
BRDA:33,3,1,0
BRDA:37,4,0,0
BRDA:37,4,1,0
BRDA:43,5,0,0
BRDA:43,5,1,0
BRDA:43,6,0,0
BRDA:43,6,1,0
BRDA:80,7,0,0
BRDA:80,7,1,0
BRDA:80,8,0,0
BRDA:80,8,1,0
BRDA:83,9,0,0
BRDA:83,9,1,0
BRDA:105,10,0,0
BRDA:105,10,1,0
BRF:22
BRH:0
end_of_record
TN:
SF:src/pages/api/metrics/save.json.ts
FN:16,(anonymous_0)
FN:68,(anonymous_1)
FNF:2
FNH:0
FNDA:0,(anonymous_0)
FNDA:0,(anonymous_1)
DA:14,0
DA:16,0
DA:17,0
DA:18,0
DA:21,0
DA:22,0
DA:29,0
DA:41,0
DA:42,0
DA:45,0
DA:53,0
DA:54,0
DA:68,0
DA:69,0
LF:14
LH:0
BRDA:21,0,0,0
BRDA:21,0,1,0
BRDA:21,1,0,0
BRDA:21,1,1,0
BRDA:31,2,0,0
BRDA:31,2,1,0
BRDA:32,3,0,0
BRDA:32,3,1,0
BRDA:34,4,0,0
BRDA:34,4,1,0
BRDA:35,5,0,0
BRDA:35,5,1,0
BRDA:36,6,0,0
BRDA:36,6,1,0
BRDA:41,7,0,0
BRDA:41,7,1,0
BRDA:57,8,0,0
BRDA:57,8,1,0
BRF:18
BRH:0
end_of_record
TN:
SF:src/pages/api/monitoring/health.ts
FN:9,(anonymous_0)
FNF:1
FNH:0
FNDA:0,(anonymous_0)
DA:9,0
DA:10,0
DA:12,0
DA:13,0
DA:16,0
DA:17,0
DA:18,0
DA:19,0
DA:20,0
DA:22,0
DA:25,0
DA:34,0
DA:36,0
DA:60,0
LF:14
LH:0
BRDA:13,0,0,0
BRDA:13,0,1,0
BRDA:16,1,0,0
BRDA:16,1,1,0
BRDA:63,2,0,0
BRDA:63,2,1,0
BRF:6
BRH:0
end_of_record
TN:
SF:src/pages/api/monitoring/logs.ts
FN:9,(anonymous_0)
FN:71,(anonymous_1)
FN:77,(anonymous_2)
FNF:3
FNH:0
FNDA:0,(anonymous_0)
FNDA:0,(anonymous_1)
FNDA:0,(anonymous_2)
DA:9,0
DA:10,0
DA:11,0
DA:12,0
DA:13,0
DA:14,0
DA:17,0
DA:69,0
DA:70,0
DA:71,0
DA:75,0
DA:76,0
DA:77,0
DA:78,0
DA:84,0
DA:86,0
DA:103,0
LF:17
LH:0
BRDA:12,0,0,0
BRDA:12,0,1,0
BRDA:13,1,0,0
BRDA:13,1,1,0
BRDA:14,2,0,0
BRDA:14,2,1,0
BRDA:70,3,0,0
BRDA:70,3,1,0
BRDA:70,4,0,0
BRDA:70,4,1,0
BRDA:75,5,0,0
BRDA:75,5,1,0
BRDA:78,6,0,0
BRDA:78,6,1,0
BRDA:106,7,0,0
BRDA:106,7,1,0
BRF:16
BRH:0
end_of_record
TN:
SF:src/pages/api/monitoring/services.ts
FN:10,(anonymous_0)
FN:60,(anonymous_1)
FN:65,(anonymous_2)
FN:70,(anonymous_3)
FN:109,(anonymous_4)
FN:110,(anonymous_5)
FN:116,(anonymous_6)
FN:117,(anonymous_7)
FN:118,(anonymous_8)
FNF:9
FNH:0
FNDA:0,(anonymous_0)
FNDA:0,(anonymous_1)
FNDA:0,(anonymous_2)
FNDA:0,(anonymous_3)
FNDA:0,(anonymous_4)
FNDA:0,(anonymous_5)
FNDA:0,(anonymous_6)
FNDA:0,(anonymous_7)
FNDA:0,(anonymous_8)
DA:10,0
DA:11,0
DA:13,0
DA:59,0
DA:61,0
DA:62,0
DA:64,0
DA:65,0
DA:67,0
DA:70,0
DA:72,0
DA:74,0
DA:85,0
DA:96,0
DA:109,0
DA:110,0
DA:111,0
DA:114,0
DA:116,0
DA:117,0
DA:118,0
DA:122,0
DA:139,0
LF:23
LH:0
BRDA:62,0,0,0
BRDA:62,0,1,0
BRDA:65,1,0,0
BRDA:65,1,1,0
BRDA:77,2,0,0
BRDA:77,2,1,0
BRDA:77,3,0,0
BRDA:77,3,1,0
BRDA:77,3,2,0
BRDA:79,4,0,0
BRDA:79,4,1,0
BRDA:101,5,0,0
BRDA:101,5,1,0
BRDA:111,6,0,0
BRDA:111,6,1,0
BRDA:142,7,0,0
BRDA:142,7,1,0
BRF:17
BRH:0
end_of_record
TN:
SF:src/pages/items/antecedentes.json.ts
FNF:0
FNH:0
LF:0
LH:0
BRF:0
BRH:0
end_of_record
TN:
SF:src/scripts/contactSystem.js
FN:8,(anonymous_0)
FN:35,(anonymous_1)
FN:71,(anonymous_2)
FN:110,(anonymous_3)
FN:141,(anonymous_4)
FN:171,(anonymous_5)
FN:187,(anonymous_6)
FN:220,(anonymous_7)
FN:236,(anonymous_8)
FN:266,(anonymous_9)
FN:301,(anonymous_10)
FN:328,(anonymous_11)
FN:349,(anonymous_12)
FN:371,(anonymous_13)
FN:386,(anonymous_14)
FN:414,(anonymous_15)
FN:463,(anonymous_16)
FN:497,(anonymous_17)
FN:526,(anonymous_18)
FN:531,(anonymous_19)
FNF:20
FNH:0
FNDA:0,(anonymous_0)
FNDA:0,(anonymous_1)
FNDA:0,(anonymous_2)
FNDA:0,(anonymous_3)
FNDA:0,(anonymous_4)
FNDA:0,(anonymous_5)
FNDA:0,(anonymous_6)
FNDA:0,(anonymous_7)
FNDA:0,(anonymous_8)
FNDA:0,(anonymous_9)
FNDA:0,(anonymous_10)
FNDA:0,(anonymous_11)
FNDA:0,(anonymous_12)
FNDA:0,(anonymous_13)
FNDA:0,(anonymous_14)
FNDA:0,(anonymous_15)
FNDA:0,(anonymous_16)
FNDA:0,(anonymous_17)
FNDA:0,(anonymous_18)
FNDA:0,(anonymous_19)
DA:9,0
DA:18,0
DA:26,0
DA:36,0
DA:37,0
DA:40,0
DA:41,0
DA:43,0
DA:45,0
DA:48,0
DA:52,0
DA:55,0
DA:58,0
DA:61,0
DA:64,0
DA:67,0
DA:72,0
DA:111,0
DA:113,0
DA:115,0
DA:117,0
DA:134,0
DA:135,0
DA:138,0
DA:142,0
DA:143,0
DA:145,0
DA:147,0
DA:172,0
DA:173,0
DA:176,0
DA:177,0
DA:180,0
DA:181,0
DA:184,0
DA:188,0
DA:195,0
DA:221,0
DA:222,0
DA:225,0
DA:226,0
DA:227,0
DA:229,0
DA:230,0
DA:232,0
DA:237,0
DA:238,0
DA:240,0
DA:241,0
DA:243,0
DA:245,0
DA:246,0
DA:247,0
DA:249,0
DA:250,0
DA:251,0
DA:254,0
DA:267,0
DA:269,0
DA:270,0
DA:277,0
DA:285,0
DA:287,0
DA:288,0
DA:289,0
DA:291,0
DA:292,0
DA:296,0
DA:297,0
DA:302,0
DA:303,0
DA:329,0
DA:350,0
DA:357,0
DA:372,0
DA:373,0
DA:376,0
DA:377,0
DA:387,0
DA:415,0
DA:416,0
DA:417,0
DA:419,0
DA:420,0
DA:421,0
DA:422,0
DA:424,0
DA:426,0
DA:427,0
DA:428,0
DA:430,0
DA:433,0
DA:436,0
DA:464,0
DA:498,0
DA:527,0
DA:532,0
DA:543,0
DA:544,0
DA:548,0
DA:549,0
LF:101
LH:0
BRDA:36,0,0,0
BRDA:36,0,1,0
BRDA:43,1,0,0
BRDA:43,1,1,0
BRDA:43,1,2,0
BRDA:43,1,3,0
BRDA:43,1,4,0
BRDA:43,1,5,0
BRDA:43,1,6,0
BRDA:43,1,7,0
BRDA:43,1,8,0
BRDA:111,2,0,0
BRDA:111,2,1,0
BRDA:134,3,0,0
BRDA:134,3,1,0
BRDA:142,4,0,0
BRDA:142,4,1,0
BRDA:172,5,0,0
BRDA:172,5,1,0
BRDA:176,6,0,0
BRDA:176,6,1,0
BRDA:180,7,0,0
BRDA:180,7,1,0
BRDA:221,8,0,0
BRDA:221,8,1,0
BRDA:229,9,0,0
BRDA:229,9,1,0
BRDA:243,10,0,0
BRDA:243,10,1,0
BRDA:287,11,0,0
BRDA:287,11,1,0
BRDA:287,12,0,0
BRDA:287,12,1,0
BRDA:334,13,0,0
BRDA:334,13,1,0
BRDA:372,14,0,0
BRDA:372,14,1,0
BRDA:420,15,0,0
BRDA:420,15,1,0
BRDA:420,16,0,0
BRDA:420,16,1,0
BRDA:421,17,0,0
BRDA:421,17,1,0
BRDA:421,18,0,0
BRDA:421,18,1,0
BRDA:426,19,0,0
BRDA:426,19,1,0
BRDA:427,20,0,0
BRDA:427,20,1,0
BRDA:427,21,0,0
BRDA:427,21,1,0
BRDA:543,22,0,0
BRDA:543,22,1,0
BRDA:543,23,0,0
BRDA:543,23,1,0
BRDA:548,24,0,0
BRDA:548,24,1,0
BRF:57
BRH:0
end_of_record
TN:
SF:src/scripts/dataNavigationEngine.js
FN:11,(anonymous_0)
FN:36,(anonymous_1)
FN:41,(anonymous_2)
FN:55,(anonymous_3)
FN:62,(anonymous_4)
FN:87,(anonymous_5)
FN:112,(anonymous_6)
FN:128,(anonymous_7)
FN:148,(anonymous_8)
FN:172,(anonymous_9)
FN:191,(anonymous_10)
FN:210,(anonymous_11)
FN:211,(anonymous_12)
FN:276,(anonymous_13)
FN:286,(anonymous_14)
FN:310,(anonymous_15)
FN:349,(anonymous_16)
FN:355,(anonymous_17)
FN:356,(anonymous_18)
FN:362,(anonymous_19)
FN:374,(anonymous_20)
FN:421,(anonymous_21)
FN:437,(anonymous_22)
FN:446,(anonymous_23)
FN:449,(anonymous_24)
FN:450,(anonymous_25)
FN:467,(anonymous_26)
FN:482,(anonymous_27)
FN:490,(anonymous_28)
FN:504,(anonymous_29)
FN:519,(anonymous_30)
FN:520,(anonymous_31)
FN:527,(anonymous_32)
FN:541,(anonymous_33)
FN:556,(anonymous_34)
FN:557,(anonymous_35)
FN:564,(anonymous_36)
FN:578,(anonymous_37)
FN:590,(anonymous_38)
FN:616,(anonymous_39)
FN:620,(anonymous_40)
FN:626,(anonymous_41)
FN:634,(anonymous_42)
FN:642,(anonymous_43)
FN:648,(anonymous_44)
FN:649,(anonymous_45)
FN:655,(anonymous_46)
FN:657,(anonymous_47)
FN:663,(anonymous_48)
FN:665,(anonymous_49)
FN:669,(anonymous_50)
FN:676,(anonymous_51)
FN:688,(anonymous_52)
FN:694,(anonymous_53)
FN:729,(anonymous_54)
FN:732,(anonymous_55)
FN:735,(anonymous_56)
FN:738,(anonymous_57)
FNF:58
FNH:0
FNDA:0,(anonymous_0)
FNDA:0,(anonymous_1)
FNDA:0,(anonymous_2)
FNDA:0,(anonymous_3)
FNDA:0,(anonymous_4)
FNDA:0,(anonymous_5)
FNDA:0,(anonymous_6)
FNDA:0,(anonymous_7)
FNDA:0,(anonymous_8)
FNDA:0,(anonymous_9)
FNDA:0,(anonymous_10)
FNDA:0,(anonymous_11)
FNDA:0,(anonymous_12)
FNDA:0,(anonymous_13)
FNDA:0,(anonymous_14)
FNDA:0,(anonymous_15)
FNDA:0,(anonymous_16)
FNDA:0,(anonymous_17)
FNDA:0,(anonymous_18)
FNDA:0,(anonymous_19)
FNDA:0,(anonymous_20)
FNDA:0,(anonymous_21)
FNDA:0,(anonymous_22)
FNDA:0,(anonymous_23)
FNDA:0,(anonymous_24)
FNDA:0,(anonymous_25)
FNDA:0,(anonymous_26)
FNDA:0,(anonymous_27)
FNDA:0,(anonymous_28)
FNDA:0,(anonymous_29)
FNDA:0,(anonymous_30)
FNDA:0,(anonymous_31)
FNDA:0,(anonymous_32)
FNDA:0,(anonymous_33)
FNDA:0,(anonymous_34)
FNDA:0,(anonymous_35)
FNDA:0,(anonymous_36)
FNDA:0,(anonymous_37)
FNDA:0,(anonymous_38)
FNDA:0,(anonymous_39)
FNDA:0,(anonymous_40)
FNDA:0,(anonymous_41)
FNDA:0,(anonymous_42)
FNDA:0,(anonymous_43)
FNDA:0,(anonymous_44)
FNDA:0,(anonymous_45)
FNDA:0,(anonymous_46)
FNDA:0,(anonymous_47)
FNDA:0,(anonymous_48)
FNDA:0,(anonymous_49)
FNDA:0,(anonymous_50)
FNDA:0,(anonymous_51)
FNDA:0,(anonymous_52)
FNDA:0,(anonymous_53)
FNDA:0,(anonymous_54)
FNDA:0,(anonymous_55)
FNDA:0,(anonymous_56)
FNDA:0,(anonymous_57)
DA:12,0
DA:13,0
DA:14,0
DA:15,0
DA:16,0
DA:17,0
DA:20,0
DA:30,0
DA:31,0
DA:33,0
DA:37,0
DA:38,0
DA:42,0
DA:44,0
DA:45,0
DA:47,0
DA:49,0
DA:50,0
DA:51,0
DA:57,0
DA:58,0
DA:59,0
DA:62,0
DA:63,0
DA:64,0
DA:65,0
DA:68,0
DA:69,0
DA:71,0
DA:74,0
DA:75,0
DA:77,0
DA:80,0
DA:81,0
DA:83,0
DA:87,0
DA:88,0
DA:89,0
DA:90,0
DA:92,0
DA:93,0
DA:95,0
DA:97,0
DA:98,0
DA:100,0
DA:102,0
DA:103,0
DA:105,0
DA:108,0
DA:113,0
DA:114,0
DA:116,0
DA:117,0
DA:120,0
DA:121,0
DA:123,0
DA:129,0
DA:130,0
DA:144,0
DA:149,0
DA:150,0
DA:151,0
DA:154,0
DA:155,0
DA:156,0
DA:157,0
DA:159,0
DA:163,0
DA:164,0
DA:167,0
DA:169,0
DA:173,0
DA:175,0
DA:177,0
DA:178,0
DA:179,0
DA:181,0
DA:182,0
DA:184,0
DA:185,0
DA:189,0
DA:190,0
DA:191,0
DA:193,0
DA:194,0
DA:197,0
DA:203,0
DA:204,0
DA:207,0
DA:211,0
DA:213,0
DA:214,0
DA:215,0
DA:222,0
DA:223,0
DA:228,0
DA:229,0
DA:230,0
DA:231,0
DA:232,0
DA:237,0
DA:238,0
DA:239,0
DA:240,0
DA:241,0
DA:246,0
DA:247,0
DA:248,0
DA:249,0
DA:250,0
DA:255,0
DA:256,0
DA:257,0
DA:260,0
DA:261,0
DA:262,0
DA:263,0
DA:264,0
DA:265,0
DA:266,0
DA:267,0
DA:268,0
DA:272,0
DA:277,0
DA:278,0
DA:279,0
DA:281,0
DA:286,0
DA:297,0
DA:298,0
DA:308,0
DA:310,0
DA:311,0
DA:312,0
DA:313,0
DA:315,0
DA:326,0
DA:327,0
DA:338,0
DA:345,0
DA:350,0
DA:353,0
DA:354,0
DA:355,0
DA:356,0
DA:360,0
DA:361,0
DA:362,0
DA:363,0
DA:367,0
DA:368,0
DA:371,0
DA:375,0
DA:376,0
DA:377,0
DA:379,0
DA:422,0
DA:424,0
DA:426,0
DA:427,0
DA:430,0
DA:433,0
DA:434,0
DA:439,0
DA:446,0
DA:450,0
DA:452,0
DA:453,0
DA:456,0
DA:457,0
DA:460,0
DA:461,0
DA:464,0
DA:468,0
DA:470,0
DA:471,0
DA:474,0
DA:476,0
DA:482,0
DA:491,0
DA:492,0
DA:493,0
DA:495,0
DA:505,0
DA:507,0
DA:508,0
DA:511,0
DA:513,0
DA:519,0
DA:520,0
DA:528,0
DA:529,0
DA:530,0
DA:532,0
DA:542,0
DA:544,0
DA:545,0
DA:548,0
DA:550,0
DA:556,0
DA:557,0
DA:565,0
DA:566,0
DA:568,0
DA:579,0
DA:580,0
DA:583,0
DA:584,0
DA:587,0
DA:591,0
DA:613,0
DA:617,0
DA:621,0
DA:622,0
DA:623,0
DA:627,0
DA:635,0
DA:643,0
DA:644,0
DA:645,0
DA:649,0
DA:650,0
DA:651,0
DA:652,0
DA:656,0
DA:657,0
DA:658,0
DA:659,0
DA:662,0
DA:663,0
DA:665,0
DA:670,0
DA:677,0
DA:678,0
DA:680,0
DA:681,0
DA:682,0
DA:685,0
DA:689,0
DA:690,0
DA:696,0
DA:697,0
DA:698,0
DA:700,0
DA:701,0
DA:713,0
DA:719,0
DA:720,0
DA:723,0
DA:724,0
DA:730,0
DA:731,0
DA:732,0
DA:734,0
DA:735,0
DA:737,0
DA:738,0
DA:740,0
DA:742,0
DA:755,0
DA:756,0
DA:760,0
DA:761,0
LF:263
LH:0
BRDA:44,0,0,0
BRDA:44,0,1,0
BRDA:45,1,0,0
BRDA:45,1,1,0
BRDA:64,2,0,0
BRDA:64,2,1,0
BRDA:65,3,0,0
BRDA:65,3,1,0
BRDA:68,4,0,0
BRDA:68,4,1,0
BRDA:74,5,0,0
BRDA:74,5,1,0
BRDA:80,6,0,0
BRDA:80,6,1,0
BRDA:89,7,0,0
BRDA:89,7,1,0
BRDA:90,8,0,0
BRDA:90,8,1,0
BRDA:92,9,0,0
BRDA:92,9,1,0
BRDA:97,10,0,0
BRDA:97,10,1,0
BRDA:102,11,0,0
BRDA:102,11,1,0
BRDA:112,12,0,0
BRDA:112,13,0,0
BRDA:113,14,0,0
BRDA:113,14,1,0
BRDA:116,15,0,0
BRDA:116,15,1,0
BRDA:148,16,0,0
BRDA:149,17,0,0
BRDA:149,17,1,0
BRDA:154,18,0,0
BRDA:154,18,1,0
BRDA:156,19,0,0
BRDA:156,19,1,0
BRDA:167,20,0,0
BRDA:167,20,1,0
BRDA:167,21,0,0
BRDA:167,21,1,0
BRDA:175,22,0,0
BRDA:175,22,1,0
BRDA:182,23,0,0
BRDA:182,23,1,0
BRDA:184,24,0,0
BRDA:184,24,1,0
BRDA:184,25,0,0
BRDA:184,25,1,0
BRDA:193,26,0,0
BRDA:193,26,1,0
BRDA:197,27,0,0
BRDA:197,27,1,0
BRDA:203,28,0,0
BRDA:203,28,1,0
BRDA:203,29,0,0
BRDA:203,29,1,0
BRDA:213,30,0,0
BRDA:213,30,1,0
BRDA:222,31,0,0
BRDA:222,31,1,0
BRDA:228,32,0,0
BRDA:228,32,1,0
BRDA:228,33,0,0
BRDA:228,33,1,0
BRDA:230,34,0,0
BRDA:230,34,1,0
BRDA:231,35,0,0
BRDA:231,35,1,0
BRDA:237,36,0,0
BRDA:237,36,1,0
BRDA:237,37,0,0
BRDA:237,37,1,0
BRDA:238,38,0,0
BRDA:238,38,1,0
BRDA:239,39,0,0
BRDA:239,39,1,0
BRDA:240,40,0,0
BRDA:240,40,1,0
BRDA:246,41,0,0
BRDA:246,41,1,0
BRDA:247,42,0,0
BRDA:247,42,1,0
BRDA:249,43,0,0
BRDA:249,43,1,0
BRDA:255,44,0,0
BRDA:255,44,1,0
BRDA:255,45,0,0
BRDA:255,45,1,0
BRDA:256,46,0,0
BRDA:256,46,1,0
BRDA:257,47,0,0
BRDA:257,47,1,0
BRDA:260,48,0,0
BRDA:260,48,1,0
BRDA:261,49,0,0
BRDA:261,49,1,0
BRDA:263,50,0,0
BRDA:263,50,1,0
BRDA:264,51,0,0
BRDA:264,51,1,0
BRDA:266,52,0,0
BRDA:266,52,1,0
BRDA:267,53,0,0
BRDA:267,53,1,0
BRDA:278,54,0,0
BRDA:278,54,1,0
BRDA:286,55,0,0
BRDA:286,55,1,0
BRDA:297,56,0,0
BRDA:297,56,1,0
BRDA:313,57,0,0
BRDA:313,57,1,0
BRDA:316,58,0,0
BRDA:316,58,1,0
BRDA:319,59,0,0
BRDA:319,59,1,0
BRDA:320,60,0,0
BRDA:320,60,1,0
BRDA:326,61,0,0
BRDA:326,61,1,0
BRDA:349,62,0,0
BRDA:353,63,0,0
BRDA:353,63,1,0
BRDA:355,64,0,0
BRDA:355,64,1,0
BRDA:360,65,0,0
BRDA:360,65,1,0
BRDA:367,66,0,0
BRDA:367,66,1,0
BRDA:376,67,0,0
BRDA:376,67,1,0
BRDA:377,68,0,0
BRDA:377,68,1,0
BRDA:388,69,0,0
BRDA:388,69,1,0
BRDA:396,70,0,0
BRDA:396,70,1,0
BRDA:399,71,0,0
BRDA:399,71,1,0
BRDA:403,72,0,0
BRDA:403,72,1,0
BRDA:406,73,0,0
BRDA:406,73,1,0
BRDA:407,74,0,0
BRDA:407,74,1,0
BRDA:421,75,0,0
BRDA:424,76,0,0
BRDA:424,76,1,0
BRDA:426,77,0,0
BRDA:426,77,1,0
BRDA:449,78,0,0
BRDA:452,79,0,0
BRDA:452,79,1,0
BRDA:452,80,0,0
BRDA:452,80,1,0
BRDA:456,81,0,0
BRDA:456,81,1,0
BRDA:456,82,0,0
BRDA:456,82,1,0
BRDA:460,83,0,0
BRDA:460,83,1,0
BRDA:460,84,0,0
BRDA:460,84,1,0
BRDA:460,84,2,0
BRDA:467,85,0,0
BRDA:468,86,0,0
BRDA:468,86,1,0
BRDA:470,87,0,0
BRDA:470,87,1,0
BRDA:474,88,0,0
BRDA:474,88,1,0
BRDA:474,89,0,0
BRDA:474,89,1,0
BRDA:482,90,0,0
BRDA:482,90,1,0
BRDA:491,91,0,0
BRDA:491,91,1,0
BRDA:493,92,0,0
BRDA:493,92,1,0
BRDA:496,93,0,0
BRDA:496,93,1,0
BRDA:497,94,0,0
BRDA:497,94,1,0
BRDA:504,95,0,0
BRDA:505,96,0,0
BRDA:505,96,1,0
BRDA:507,97,0,0
BRDA:507,97,1,0
BRDA:511,98,0,0
BRDA:511,98,1,0
BRDA:511,99,0,0
BRDA:511,99,1,0
BRDA:519,100,0,0
BRDA:519,100,1,0
BRDA:528,101,0,0
BRDA:528,101,1,0
BRDA:530,102,0,0
BRDA:530,102,1,0
BRDA:534,103,0,0
BRDA:534,103,1,0
BRDA:541,104,0,0
BRDA:542,105,0,0
BRDA:542,105,1,0
BRDA:544,106,0,0
BRDA:544,106,1,0
BRDA:548,107,0,0
BRDA:548,107,1,0
BRDA:548,108,0,0
BRDA:548,108,1,0
BRDA:556,109,0,0
BRDA:556,109,1,0
BRDA:565,110,0,0
BRDA:565,110,1,0
BRDA:566,111,0,0
BRDA:566,111,1,0
BRDA:570,112,0,0
BRDA:570,112,1,0
BRDA:579,113,0,0
BRDA:579,113,1,0
BRDA:583,114,0,0
BRDA:583,114,1,0
BRDA:613,115,0,0
BRDA:613,115,1,0
BRDA:620,116,0,0
BRDA:620,117,0,0
BRDA:643,118,0,0
BRDA:643,118,1,0
BRDA:644,119,0,0
BRDA:644,119,1,0
BRDA:652,120,0,0
BRDA:652,120,1,0
BRDA:655,121,0,0
BRDA:658,122,0,0
BRDA:658,122,1,0
BRDA:659,123,0,0
BRDA:659,123,1,0
BRDA:678,124,0,0
BRDA:678,124,1,0
BRDA:680,125,0,0
BRDA:680,125,1,0
BRDA:694,126,0,0
BRDA:700,127,0,0
BRDA:700,127,1,0
BRDA:732,128,0,0
BRDA:732,128,1,0
BRDA:755,129,0,0
BRDA:755,129,1,0
BRDA:755,130,0,0
BRDA:755,130,1,0
BRDA:760,131,0,0
BRDA:760,131,1,0
BRF:252
BRH:0
end_of_record
TN:
SF:src/scripts/performanceOptimizer.js
FN:8,(anonymous_0)
FN:27,(anonymous_1)
FN:42,(anonymous_2)
FN:62,(anonymous_3)
FN:91,(anonymous_4)
FN:96,(anonymous_5)
FN:103,(anonymous_6)
FN:124,(anonymous_7)
FN:140,(anonymous_8)
FN:160,(anonymous_9)
FN:161,(anonymous_10)
FN:169,(anonymous_11)
FN:200,(anonymous_12)
FN:216,(anonymous_13)
FN:225,(anonymous_14)
FN:238,(anonymous_15)
FN:246,(anonymous_16)
FN:254,(anonymous_17)
FN:280,(anonymous_18)
FN:301,(anonymous_19)
FN:315,(anonymous_20)
FN:334,(anonymous_21)
FN:336,(anonymous_22)
FN:342,(anonymous_23)
FN:344,(anonymous_24)
FN:356,(anonymous_25)
FN:360,(anonymous_26)
FN:366,(anonymous_27)
FN:373,(anonymous_28)
FN:375,(anonymous_29)
FN:379,(anonymous_30)
FN:396,(anonymous_31)
FN:407,(anonymous_32)
FN:416,(anonymous_33)
FN:431,(anonymous_34)
FN:446,(anonymous_35)
FN:458,(anonymous_36)
FN:472,(anonymous_37)
FN:489,(anonymous_38)
FN:492,(anonymous_39)
FN:493,(anonymous_40)
FN:501,(anonymous_41)
FN:502,(anonymous_42)
FN:511,(anonymous_43)
FN:512,(anonymous_44)
FN:519,(anonymous_45)
FN:528,(anonymous_46)
FN:552,(anonymous_47)
FN:571,(anonymous_48)
FN:574,(anonymous_49)
FN:584,(anonymous_50)
FN:598,(anonymous_51)
FN:600,(anonymous_52)
FN:624,(anonymous_53)
FN:628,(anonymous_54)
FN:648,(anonymous_55)
FN:667,(anonymous_56)
FN:682,(anonymous_57)
FN:691,(anonymous_58)
FN:695,(anonymous_59)
FN:702,(anonymous_60)
FN:706,(anonymous_61)
FN:709,(anonymous_62)
FN:716,(anonymous_63)
FN:718,(anonymous_64)
FN:724,(anonymous_65)
FN:729,(anonymous_66)
FN:731,executedFunction
FN:732,(anonymous_68)
FN:741,(anonymous_69)
FN:743,(anonymous_70)
FN:762,(anonymous_71)
FN:769,(anonymous_72)
FN:773,(anonymous_73)
FN:776,(anonymous_74)
FN:779,(anonymous_75)
FN:788,(anonymous_76)
FN:807,(anonymous_77)
FN:818,(anonymous_78)
FN:839,(anonymous_79)
FNF:80
FNH:0
FNDA:0,(anonymous_0)
FNDA:0,(anonymous_1)
FNDA:0,(anonymous_2)
FNDA:0,(anonymous_3)
FNDA:0,(anonymous_4)
FNDA:0,(anonymous_5)
FNDA:0,(anonymous_6)
FNDA:0,(anonymous_7)
FNDA:0,(anonymous_8)
FNDA:0,(anonymous_9)
FNDA:0,(anonymous_10)
FNDA:0,(anonymous_11)
FNDA:0,(anonymous_12)
FNDA:0,(anonymous_13)
FNDA:0,(anonymous_14)
FNDA:0,(anonymous_15)
FNDA:0,(anonymous_16)
FNDA:0,(anonymous_17)
FNDA:0,(anonymous_18)
FNDA:0,(anonymous_19)
FNDA:0,(anonymous_20)
FNDA:0,(anonymous_21)
FNDA:0,(anonymous_22)
FNDA:0,(anonymous_23)
FNDA:0,(anonymous_24)
FNDA:0,(anonymous_25)
FNDA:0,(anonymous_26)
FNDA:0,(anonymous_27)
FNDA:0,(anonymous_28)
FNDA:0,(anonymous_29)
FNDA:0,(anonymous_30)
FNDA:0,(anonymous_31)
FNDA:0,(anonymous_32)
FNDA:0,(anonymous_33)
FNDA:0,(anonymous_34)
FNDA:0,(anonymous_35)
FNDA:0,(anonymous_36)
FNDA:0,(anonymous_37)
FNDA:0,(anonymous_38)
FNDA:0,(anonymous_39)
FNDA:0,(anonymous_40)
FNDA:0,(anonymous_41)
FNDA:0,(anonymous_42)
FNDA:0,(anonymous_43)
FNDA:0,(anonymous_44)
FNDA:0,(anonymous_45)
FNDA:0,(anonymous_46)
FNDA:0,(anonymous_47)
FNDA:0,(anonymous_48)
FNDA:0,(anonymous_49)
FNDA:0,(anonymous_50)
FNDA:0,(anonymous_51)
FNDA:0,(anonymous_52)
FNDA:0,(anonymous_53)
FNDA:0,(anonymous_54)
FNDA:0,(anonymous_55)
FNDA:0,(anonymous_56)
FNDA:0,(anonymous_57)
FNDA:0,(anonymous_58)
FNDA:0,(anonymous_59)
FNDA:0,(anonymous_60)
FNDA:0,(anonymous_61)
FNDA:0,(anonymous_62)
FNDA:0,(anonymous_63)
FNDA:0,(anonymous_64)
FNDA:0,(anonymous_65)
FNDA:0,(anonymous_66)
FNDA:0,executedFunction
FNDA:0,(anonymous_68)
FNDA:0,(anonymous_69)
FNDA:0,(anonymous_70)
FNDA:0,(anonymous_71)
FNDA:0,(anonymous_72)
FNDA:0,(anonymous_73)
FNDA:0,(anonymous_74)
FNDA:0,(anonymous_75)
FNDA:0,(anonymous_76)
FNDA:0,(anonymous_77)
FNDA:0,(anonymous_78)
FNDA:0,(anonymous_79)
DA:9,0
DA:10,0
DA:11,0
DA:12,0
DA:13,0
DA:14,0
DA:15,0
DA:24,0
DA:28,0
DA:29,0
DA:30,0
DA:31,0
DA:32,0
DA:33,0
DA:34,0
DA:35,0
DA:37,0
DA:43,0
DA:45,0
DA:56,0
DA:59,0
DA:63,0
DA:64,0
DA:67,0
DA:68,0
DA:69,0
DA:70,0
DA:72,0
DA:73,0
DA:74,0
DA:75,0
DA:76,0
DA:77,0
DA:80,0
DA:81,0
DA:84,0
DA:85,0
DA:87,0
DA:88,0
DA:92,0
DA:94,0
DA:96,0
DA:97,0
DA:100,0
DA:104,0
DA:106,0
DA:107,0
DA:109,0
DA:110,0
DA:112,0
DA:113,0
DA:118,0
DA:119,0
DA:121,0
DA:127,0
DA:129,0
DA:130,0
DA:131,0
DA:132,0
DA:134,0
DA:141,0
DA:148,0
DA:149,0
DA:161,0
DA:162,0
DA:163,0
DA:164,0
DA:170,0
DA:171,0
DA:173,0
DA:175,0
DA:176,0
DA:177,0
DA:178,0
DA:179,0
DA:183,0
DA:186,0
DA:189,0
DA:192,0
DA:195,0
DA:196,0
DA:201,0
DA:203,0
DA:204,0
DA:206,0
DA:207,0
DA:209,0
DA:210,0
DA:212,0
DA:217,0
DA:226,0
DA:239,0
DA:246,0
DA:247,0
DA:251,0
DA:255,0
DA:256,0
DA:264,0
DA:265,0
DA:268,0
DA:269,0
DA:273,0
DA:276,0
DA:281,0
DA:283,0
DA:284,0
DA:288,0
DA:289,0
DA:290,0
DA:291,0
DA:294,0
DA:295,0
DA:298,0
DA:303,0
DA:304,0
DA:316,0
DA:317,0
DA:327,0
DA:329,0
DA:330,0
DA:335,0
DA:336,0
DA:337,0
DA:339,0
DA:343,0
DA:344,0
DA:347,0
DA:349,0
DA:350,0
DA:351,0
DA:352,0
DA:357,0
DA:358,0
DA:360,0
DA:361,0
DA:362,0
DA:366,0
DA:367,0
DA:368,0
DA:374,0
DA:375,0
DA:376,0
DA:379,0
DA:380,0
DA:381,0
DA:384,0
DA:385,0
DA:387,0
DA:392,0
DA:397,0
DA:399,0
DA:400,0
DA:403,0
DA:408,0
DA:409,0
DA:411,0
DA:417,0
DA:424,0
DA:425,0
DA:428,0
DA:432,0
DA:442,0
DA:443,0
DA:447,0
DA:454,0
DA:455,0
DA:459,0
DA:462,0
DA:463,0
DA:467,0
DA:468,0
DA:474,0
DA:476,0
DA:477,0
DA:478,0
DA:479,0
DA:481,0
DA:482,0
DA:485,0
DA:491,0
DA:492,0
DA:494,0
DA:495,0
DA:500,0
DA:501,0
DA:503,0
DA:504,0
DA:505,0
DA:510,0
DA:511,0
DA:513,0
DA:514,0
DA:520,0
DA:521,0
DA:522,0
DA:525,0
DA:530,0
DA:532,0
DA:535,0
DA:536,0
DA:543,0
DA:545,0
DA:546,0
DA:553,0
DA:560,0
DA:561,0
DA:565,0
DA:568,0
DA:572,0
DA:574,0
DA:575,0
DA:576,0
DA:577,0
DA:581,0
DA:584,0
DA:585,0
DA:586,0
DA:587,0
DA:591,0
DA:594,0
DA:599,0
DA:600,0
DA:601,0
DA:602,0
DA:610,0
DA:611,0
DA:615,0
DA:616,0
DA:617,0
DA:618,0
DA:625,0
DA:626,0
DA:628,0
DA:629,0
DA:631,0
DA:632,0
DA:634,0
DA:635,0
DA:638,0
DA:639,0
DA:642,0
DA:645,0
DA:650,0
DA:653,0
DA:656,0
DA:657,0
DA:661,0
DA:662,0
DA:668,0
DA:675,0
DA:676,0
DA:679,0
DA:683,0
DA:684,0
DA:685,0
DA:686,0
DA:692,0
DA:696,0
DA:697,0
DA:698,0
DA:704,0
DA:705,0
DA:707,0
DA:710,0
DA:718,0
DA:719,0
DA:720,0
DA:721,0
DA:722,0
DA:723,0
DA:724,0
DA:731,0
DA:732,0
DA:733,0
DA:734,0
DA:736,0
DA:737,0
DA:742,0
DA:743,0
DA:745,0
DA:746,0
DA:749,0
DA:751,0
DA:752,0
DA:755,0
DA:757,0
DA:758,0
DA:763,0
DA:764,0
DA:770,0
DA:773,0
DA:774,0
DA:776,0
DA:780,0
DA:782,0
DA:783,0
DA:784,0
DA:789,0
DA:790,0
DA:792,0
DA:793,0
DA:797,0
DA:798,0
DA:802,0
DA:808,0
DA:820,0
DA:821,0
DA:825,0
DA:826,0
DA:827,0
DA:828,0
DA:830,0
DA:831,0
DA:835,0
DA:836,0
DA:839,0
DA:840,0
DA:844,0
DA:849,0
DA:850,0
DA:854,0
DA:855,0
LF:322
LH:0
BRDA:43,0,0,0
BRDA:43,0,1,0
BRDA:64,1,0,0
BRDA:64,1,1,0
BRDA:92,2,0,0
BRDA:92,2,1,0
BRDA:104,3,0,0
BRDA:104,3,1,0
BRDA:131,4,0,0
BRDA:131,4,1,0
BRDA:131,5,0,0
BRDA:131,5,1,0
BRDA:148,6,0,0
BRDA:148,6,1,0
BRDA:162,7,0,0
BRDA:162,7,1,0
BRDA:173,8,0,0
BRDA:173,8,1,0
BRDA:173,9,0,0
BRDA:173,9,1,0
BRDA:177,10,0,0
BRDA:177,10,1,0
BRDA:201,11,0,0
BRDA:201,11,1,0
BRDA:201,11,2,0
BRDA:201,11,3,0
BRDA:254,12,0,0
BRDA:257,13,0,0
BRDA:257,13,1,0
BRDA:268,14,0,0
BRDA:268,14,1,0
BRDA:283,15,0,0
BRDA:283,15,1,0
BRDA:288,16,0,0
BRDA:288,16,1,0
BRDA:298,17,0,0
BRDA:298,17,1,0
BRDA:361,18,0,0
BRDA:361,18,1,0
BRDA:384,19,0,0
BRDA:384,19,1,0
BRDA:399,20,0,0
BRDA:399,20,1,0
BRDA:449,21,0,0
BRDA:449,21,1,0
BRDA:462,22,0,0
BRDA:462,22,1,0
BRDA:467,23,0,0
BRDA:467,23,1,0
BRDA:476,24,0,0
BRDA:476,24,1,0
BRDA:492,25,0,0
BRDA:492,25,1,0
BRDA:501,26,0,0
BRDA:501,26,1,0
BRDA:511,27,0,0
BRDA:511,27,1,0
BRDA:521,28,0,0
BRDA:521,28,1,0
BRDA:535,29,0,0
BRDA:535,29,1,0
BRDA:535,30,0,0
BRDA:535,30,1,0
BRDA:545,31,0,0
BRDA:545,31,1,0
BRDA:560,32,0,0
BRDA:560,32,1,0
BRDA:576,33,0,0
BRDA:576,33,1,0
BRDA:586,34,0,0
BRDA:586,34,1,0
BRDA:586,35,0,0
BRDA:586,35,1,0
BRDA:599,36,0,0
BRDA:599,36,1,0
BRDA:610,37,0,0
BRDA:610,37,1,0
BRDA:616,38,0,0
BRDA:616,38,1,0
BRDA:631,39,0,0
BRDA:631,39,1,0
BRDA:634,40,0,0
BRDA:634,40,1,0
BRDA:656,41,0,0
BRDA:656,41,1,0
BRDA:661,42,0,0
BRDA:661,42,1,0
BRDA:661,43,0,0
BRDA:661,43,1,0
BRDA:683,44,0,0
BRDA:683,44,1,0
BRDA:685,45,0,0
BRDA:685,45,1,0
BRDA:685,46,0,0
BRDA:685,46,1,0
BRDA:697,47,0,0
BRDA:697,47,1,0
BRDA:697,48,0,0
BRDA:697,48,1,0
BRDA:704,49,0,0
BRDA:704,49,1,0
BRDA:721,50,0,0
BRDA:721,50,1,0
BRDA:741,51,0,0
BRDA:751,52,0,0
BRDA:751,52,1,0
BRDA:780,53,0,0
BRDA:780,53,1,0
BRDA:790,54,0,0
BRDA:790,54,1,0
BRDA:792,55,0,0
BRDA:792,55,1,0
BRDA:797,56,0,0
BRDA:797,56,1,0
BRDA:820,57,0,0
BRDA:820,57,1,0
BRDA:830,58,0,0
BRDA:830,58,1,0
BRDA:830,59,0,0
BRDA:830,59,1,0
BRDA:835,60,0,0
BRDA:835,60,1,0
BRDA:849,61,0,0
BRDA:849,61,1,0
BRDA:849,62,0,0
BRDA:849,62,1,0
BRDA:854,63,0,0
BRDA:854,63,1,0
BRF:128
BRH:0
end_of_record
TN:
SF:src/scripts/terminalEnhanced.js
FN:11,(anonymous_0)
FN:44,(anonymous_1)
FN:55,(anonymous_2)
FN:64,(anonymous_3)
FN:75,(anonymous_4)
FN:85,(anonymous_5)
FN:87,(anonymous_6)
FN:93,(anonymous_7)
FN:107,(anonymous_8)
FN:108,(anonymous_9)
FN:110,(anonymous_10)
FN:122,(anonymous_11)
FN:146,(anonymous_12)
FN:152,(anonymous_13)
FN:157,(anonymous_14)
FN:162,(anonymous_15)
FN:177,(anonymous_16)
FN:182,(anonymous_17)
FN:188,(anonymous_18)
FN:195,(anonymous_19)
FN:203,(anonymous_20)
FN:234,(anonymous_21)
FN:336,(anonymous_22)
FN:393,(anonymous_23)
FN:399,(anonymous_24)
FN:411,(anonymous_25)
FN:435,(anonymous_26)
FN:449,(anonymous_27)
FN:459,(anonymous_28)
FN:478,(anonymous_29)
FN:482,(anonymous_30)
FN:486,(anonymous_31)
FN:500,(anonymous_32)
FN:507,(anonymous_33)
FN:513,(anonymous_34)
FN:551,(anonymous_35)
FN:564,(anonymous_36)
FN:597,(anonymous_37)
FN:629,(anonymous_38)
FN:670,(anonymous_39)
FN:679,(anonymous_40)
FN:717,(anonymous_41)
FN:725,(anonymous_42)
FN:731,(anonymous_43)
FN:738,(anonymous_44)
FN:745,(anonymous_45)
FN:751,(anonymous_46)
FN:752,(anonymous_47)
FN:772,(anonymous_48)
FN:791,(anonymous_49)
FN:808,(anonymous_50)
FN:817,(anonymous_51)
FN:829,(anonymous_52)
FN:847,(anonymous_53)
FN:852,(anonymous_54)
FN:856,(anonymous_55)
FN:860,(anonymous_56)
FN:867,(anonymous_57)
FN:874,(anonymous_58)
FN:881,(anonymous_59)
FN:885,(anonymous_60)
FN:889,(anonymous_61)
FN:927,(anonymous_62)
FN:931,(anonymous_63)
FN:937,(anonymous_64)
FN:943,(anonymous_65)
FN:960,(anonymous_66)
FN:984,(anonymous_67)
FN:1009,(anonymous_68)
FN:1025,(anonymous_69)
FN:1050,(anonymous_70)
FN:1070,(anonymous_71)
FN:1090,(anonymous_72)
FN:1107,(anonymous_73)
FN:1130,(anonymous_74)
FN:1144,(anonymous_75)
FN:1166,(anonymous_76)
FN:1180,(anonymous_77)
FN:1199,(anonymous_78)
FN:1205,(anonymous_79)
FN:1225,(anonymous_80)
FN:1250,(anonymous_81)
FN:1285,(anonymous_82)
FN:1323,(anonymous_83)
FN:1359,(anonymous_84)
FN:1370,(anonymous_85)
FN:1394,(anonymous_86)
FN:1422,(anonymous_87)
FN:1430,(anonymous_88)
FN:1437,(anonymous_89)
FN:1452,(anonymous_90)
FN:1453,(anonymous_91)
FN:1456,(anonymous_92)
FN:1457,(anonymous_93)
FN:1464,(anonymous_94)
FNF:95
FNH:0
FNDA:0,(anonymous_0)
FNDA:0,(anonymous_1)
FNDA:0,(anonymous_2)
FNDA:0,(anonymous_3)
FNDA:0,(anonymous_4)
FNDA:0,(anonymous_5)
FNDA:0,(anonymous_6)
FNDA:0,(anonymous_7)
FNDA:0,(anonymous_8)
FNDA:0,(anonymous_9)
FNDA:0,(anonymous_10)
FNDA:0,(anonymous_11)
FNDA:0,(anonymous_12)
FNDA:0,(anonymous_13)
FNDA:0,(anonymous_14)
FNDA:0,(anonymous_15)
FNDA:0,(anonymous_16)
FNDA:0,(anonymous_17)
FNDA:0,(anonymous_18)
FNDA:0,(anonymous_19)
FNDA:0,(anonymous_20)
FNDA:0,(anonymous_21)
FNDA:0,(anonymous_22)
FNDA:0,(anonymous_23)
FNDA:0,(anonymous_24)
FNDA:0,(anonymous_25)
FNDA:0,(anonymous_26)
FNDA:0,(anonymous_27)
FNDA:0,(anonymous_28)
FNDA:0,(anonymous_29)
FNDA:0,(anonymous_30)
FNDA:0,(anonymous_31)
FNDA:0,(anonymous_32)
FNDA:0,(anonymous_33)
FNDA:0,(anonymous_34)
FNDA:0,(anonymous_35)
FNDA:0,(anonymous_36)
FNDA:0,(anonymous_37)
FNDA:0,(anonymous_38)
FNDA:0,(anonymous_39)
FNDA:0,(anonymous_40)
FNDA:0,(anonymous_41)
FNDA:0,(anonymous_42)
FNDA:0,(anonymous_43)
FNDA:0,(anonymous_44)
FNDA:0,(anonymous_45)
FNDA:0,(anonymous_46)
FNDA:0,(anonymous_47)
FNDA:0,(anonymous_48)
FNDA:0,(anonymous_49)
FNDA:0,(anonymous_50)
FNDA:0,(anonymous_51)
FNDA:0,(anonymous_52)
FNDA:0,(anonymous_53)
FNDA:0,(anonymous_54)
FNDA:0,(anonymous_55)
FNDA:0,(anonymous_56)
FNDA:0,(anonymous_57)
FNDA:0,(anonymous_58)
FNDA:0,(anonymous_59)
FNDA:0,(anonymous_60)
FNDA:0,(anonymous_61)
FNDA:0,(anonymous_62)
FNDA:0,(anonymous_63)
FNDA:0,(anonymous_64)
FNDA:0,(anonymous_65)
FNDA:0,(anonymous_66)
FNDA:0,(anonymous_67)
FNDA:0,(anonymous_68)
FNDA:0,(anonymous_69)
FNDA:0,(anonymous_70)
FNDA:0,(anonymous_71)
FNDA:0,(anonymous_72)
FNDA:0,(anonymous_73)
FNDA:0,(anonymous_74)
FNDA:0,(anonymous_75)
FNDA:0,(anonymous_76)
FNDA:0,(anonymous_77)
FNDA:0,(anonymous_78)
FNDA:0,(anonymous_79)
FNDA:0,(anonymous_80)
FNDA:0,(anonymous_81)
FNDA:0,(anonymous_82)
FNDA:0,(anonymous_83)
FNDA:0,(anonymous_84)
FNDA:0,(anonymous_85)
FNDA:0,(anonymous_86)
FNDA:0,(anonymous_87)
FNDA:0,(anonymous_88)
FNDA:0,(anonymous_89)
FNDA:0,(anonymous_90)
FNDA:0,(anonymous_91)
FNDA:0,(anonymous_92)
FNDA:0,(anonymous_93)
FNDA:0,(anonymous_94)
DA:8,0
DA:12,0
DA:13,0
DA:14,0
DA:15,0
DA:16,0
DA:17,0
DA:18,0
DA:20,0
DA:21,0
DA:22,0
DA:23,0
DA:26,0
DA:27,0
DA:30,0
DA:31,0
DA:34,0
DA:35,0
DA:38,0
DA:39,0
DA:41,0
DA:45,0
DA:46,0
DA:47,0
DA:48,0
DA:49,0
DA:50,0
DA:51,0
DA:52,0
DA:57,0
DA:58,0
DA:59,0
DA:60,0
DA:63,0
DA:64,0
DA:65,0
DA:69,0
DA:72,0
DA:77,0
DA:78,0
DA:79,0
DA:80,0
DA:84,0
DA:85,0
DA:86,0
DA:87,0
DA:88,0
DA:94,0
DA:108,0
DA:109,0
DA:110,0
DA:111,0
DA:112,0
DA:113,0
DA:115,0
DA:116,0
DA:123,0
DA:125,0
DA:126,0
DA:127,0
DA:129,0
DA:130,0
DA:131,0
DA:133,0
DA:134,0
DA:135,0
DA:137,0
DA:138,0
DA:139,0
DA:141,0
DA:142,0
DA:147,0
DA:148,0
DA:149,0
DA:153,0
DA:154,0
DA:158,0
DA:163,0
DA:164,0
DA:166,0
DA:167,0
DA:169,0
DA:170,0
DA:172,0
DA:173,0
DA:179,0
DA:183,0
DA:184,0
DA:190,0
DA:191,0
DA:192,0
DA:196,0
DA:197,0
DA:198,0
DA:199,0
DA:200,0
DA:204,0
DA:205,0
DA:208,0
DA:209,0
DA:212,0
DA:215,0
DA:216,0
DA:219,0
DA:221,0
DA:223,0
DA:224,0
DA:226,0
DA:228,0
DA:229,0
DA:230,0
DA:235,0
DA:238,0
DA:241,0
DA:245,0
DA:248,0
DA:252,0
DA:255,0
DA:258,0
DA:261,0
DA:264,0
DA:267,0
DA:271,0
DA:275,0
DA:278,0
DA:282,0
DA:287,0
DA:291,0
DA:294,0
DA:298,0
DA:301,0
DA:304,0
DA:307,0
DA:308,0
DA:311,0
DA:314,0
DA:317,0
DA:320,0
DA:323,0
DA:326,0
DA:329,0
DA:332,0
DA:337,0
DA:394,0
DA:395,0
DA:396,0
DA:400,0
DA:401,0
DA:404,0
DA:405,0
DA:408,0
DA:412,0
DA:425,0
DA:426,0
DA:427,0
DA:430,0
DA:432,0
DA:436,0
DA:444,0
DA:446,0
DA:450,0
DA:460,0
DA:461,0
DA:462,0
DA:463,0
DA:466,0
DA:467,0
DA:469,0
DA:470,0
DA:471,0
DA:472,0
DA:475,0
DA:479,0
DA:483,0
DA:487,0
DA:488,0
DA:501,0
DA:502,0
DA:505,0
DA:508,0
DA:514,0
DA:515,0
DA:544,0
DA:545,0
DA:548,0
DA:553,0
DA:566,0
DA:599,0
DA:630,0
DA:672,0
DA:673,0
DA:675,0
DA:676,0
DA:678,0
DA:679,0
DA:680,0
DA:681,0
DA:682,0
DA:683,0
DA:685,0
DA:686,0
DA:689,0
DA:690,0
DA:692,0
DA:693,0
DA:694,0
DA:696,0
DA:697,0
DA:701,0
DA:702,0
DA:705,0
DA:706,0
DA:708,0
DA:709,0
DA:710,0
DA:713,0
DA:718,0
DA:719,0
DA:720,0
DA:721,0
DA:726,0
DA:727,0
DA:729,0
DA:730,0
DA:731,0
DA:734,0
DA:735,0
DA:739,0
DA:745,0
DA:746,0
DA:752,0
DA:753,0
DA:755,0
DA:756,0
DA:758,0
DA:759,0
DA:760,0
DA:761,0
DA:769,0
DA:773,0
DA:775,0
DA:776,0
DA:777,0
DA:778,0
DA:780,0
DA:781,0
DA:782,0
DA:783,0
DA:784,0
DA:785,0
DA:786,0
DA:792,0
DA:793,0
DA:795,0
DA:808,0
DA:810,0
DA:811,0
DA:812,0
DA:813,0
DA:818,0
DA:819,0
DA:820,0
DA:823,0
DA:829,0
DA:830,0
DA:833,0
DA:835,0
DA:836,0
DA:839,0
DA:840,0
DA:843,0
DA:848,0
DA:849,0
DA:853,0
DA:857,0
DA:861,0
DA:862,0
DA:863,0
DA:864,0
DA:868,0
DA:869,0
DA:870,0
DA:871,0
DA:875,0
DA:876,0
DA:877,0
DA:878,0
DA:882,0
DA:886,0
DA:890,0
DA:891,0
DA:894,0
DA:895,0
DA:898,0
DA:899,0
DA:900,0
DA:901,0
DA:902,0
DA:903,0
DA:904,0
DA:905,0
DA:907,0
DA:908,0
DA:909,0
DA:910,0
DA:911,0
DA:912,0
DA:913,0
DA:917,0
DA:918,0
DA:921,0
DA:924,0
DA:928,0
DA:929,0
DA:931,0
DA:932,0
DA:933,0
DA:939,0
DA:940,0
DA:944,0
DA:946,0
DA:947,0
DA:949,0
DA:950,0
DA:951,0
DA:952,0
DA:955,0
DA:956,0
DA:961,0
DA:963,0
DA:964,0
DA:965,0
DA:966,0
DA:969,0
DA:970,0
DA:971,0
DA:972,0
DA:973,0
DA:975,0
DA:979,0
DA:980,0
DA:985,0
DA:987,0
DA:988,0
DA:989,0
DA:990,0
DA:993,0
DA:994,0
DA:995,0
DA:996,0
DA:997,0
DA:999,0
DA:1003,0
DA:1004,0
DA:1010,0
DA:1011,0
DA:1014,0
DA:1015,0
DA:1017,0
DA:1018,0
DA:1020,0
DA:1021,0
DA:1026,0
DA:1027,0
DA:1030,0
DA:1031,0
DA:1034,0
DA:1035,0
DA:1036,0
DA:1040,0
DA:1042,0
DA:1043,0
DA:1045,0
DA:1046,0
DA:1051,0
DA:1052,0
DA:1055,0
DA:1056,0
DA:1059,0
DA:1060,0
DA:1062,0
DA:1063,0
DA:1065,0
DA:1066,0
DA:1071,0
DA:1072,0
DA:1075,0
DA:1076,0
DA:1079,0
DA:1080,0
DA:1082,0
DA:1083,0
DA:1085,0
DA:1086,0
DA:1091,0
DA:1092,0
DA:1096,0
DA:1097,0
DA:1099,0
DA:1100,0
DA:1102,0
DA:1103,0
DA:1108,0
DA:1109,0
DA:1113,0
DA:1131,0
DA:1132,0
DA:1135,0
DA:1136,0
DA:1137,0
DA:1138,0
DA:1140,0
DA:1145,0
DA:1147,0
DA:1148,0
DA:1150,0
DA:1151,0
DA:1152,0
DA:1154,0
DA:1155,0
DA:1156,0
DA:1158,0
DA:1163,0
DA:1167,0
DA:1169,0
DA:1172,0
DA:1173,0
DA:1175,0
DA:1176,0
DA:1181,0
DA:1182,0
DA:1185,0
DA:1186,0
DA:1189,0
DA:1191,0
DA:1192,0
DA:1194,0
DA:1195,0
DA:1206,0
DA:1207,0
DA:1210,0
DA:1211,0
DA:1215,0
DA:1216,0
DA:1217,0
DA:1218,0
DA:1219,0
DA:1222,0
DA:1226,0
DA:1228,0
DA:1229,0
DA:1230,0
DA:1231,0
DA:1234,0
DA:1235,0
DA:1236,0
DA:1237,0
DA:1238,0
DA:1240,0
DA:1244,0
DA:1245,0
DA:1251,0
DA:1252,0
DA:1255,0
DA:1256,0
DA:1259,0
DA:1261,0
DA:1262,0
DA:1265,0
DA:1266,0
DA:1269,0
DA:1270,0
DA:1271,0
DA:1274,0
DA:1286,0
DA:1287,0
DA:1290,0
DA:1291,0
DA:1293,0
DA:1324,0
DA:1325,0
DA:1328,0
DA:1329,0
DA:1330,0
DA:1345,0
DA:1347,0
DA:1348,0
DA:1351,0
DA:1354,0
DA:1360,0
DA:1361,0
DA:1364,0
DA:1365,0
DA:1367,0
DA:1368,0
DA:1370,0
DA:1371,0
DA:1372,0
DA:1373,0
DA:1375,0
DA:1376,0
DA:1379,0
DA:1395,0
DA:1396,0
DA:1397,0
DA:1400,0
DA:1401,0
DA:1403,0
DA:1423,0
DA:1424,0
DA:1425,0
DA:1426,0
DA:1427,0
DA:1431,0
DA:1432,0
DA:1433,0
DA:1434,0
DA:1438,0
DA:1439,0
DA:1440,0
DA:1442,0
DA:1443,0
DA:1444,0
DA:1445,0
DA:1447,0
DA:1453,0
DA:1454,0
DA:1455,0
DA:1456,0
DA:1457,0
DA:1458,0
DA:1464,0
DA:1465,0
DA:1468,0
DA:1472,0
DA:1473,0
LF:536
LH:0
BRDA:79,0,0,0
BRDA:79,0,1,0
BRDA:86,1,0,0
BRDA:86,1,1,0
BRDA:107,2,0,0
BRDA:111,3,0,0
BRDA:111,3,1,0
BRDA:123,4,0,0
BRDA:123,4,1,0
BRDA:123,4,2,0
BRDA:123,4,3,0
BRDA:123,4,4,0
BRDA:164,5,0,0
BRDA:164,5,1,0
BRDA:164,5,2,0
BRDA:183,6,0,0
BRDA:183,6,1,0
BRDA:205,7,0,0
BRDA:205,7,1,0
BRDA:238,8,0,0
BRDA:238,8,1,0
BRDA:238,8,2,0
BRDA:238,8,3,0
BRDA:238,8,4,0
BRDA:238,8,5,0
BRDA:238,8,6,0
BRDA:238,8,7,0
BRDA:238,8,8,0
BRDA:238,8,9,0
BRDA:238,8,10,0
BRDA:238,8,11,0
BRDA:238,8,12,0
BRDA:238,8,13,0
BRDA:238,8,14,0
BRDA:238,8,15,0
BRDA:238,8,16,0
BRDA:238,8,17,0
BRDA:238,8,18,0
BRDA:238,8,19,0
BRDA:238,8,20,0
BRDA:238,8,21,0
BRDA:238,8,22,0
BRDA:238,8,23,0
BRDA:238,8,24,0
BRDA:238,8,25,0
BRDA:238,8,26,0
BRDA:238,8,27,0
BRDA:238,8,28,0
BRDA:238,8,29,0
BRDA:238,8,30,0
BRDA:238,8,31,0
BRDA:238,8,32,0
BRDA:238,8,33,0
BRDA:238,8,34,0
BRDA:238,8,35,0
BRDA:238,8,36,0
BRDA:238,8,37,0
BRDA:400,9,0,0
BRDA:400,9,1,0
BRDA:404,10,0,0
BRDA:404,10,1,0
BRDA:404,11,0,0
BRDA:404,11,1,0
BRDA:444,12,0,0
BRDA:444,12,1,0
BRDA:450,13,0,0
BRDA:450,13,1,0
BRDA:460,14,0,0
BRDA:460,14,1,0
BRDA:469,15,0,0
BRDA:469,15,1,0
BRDA:501,16,0,0
BRDA:501,16,1,0
BRDA:514,17,0,0
BRDA:514,17,1,0
BRDA:544,18,0,0
BRDA:544,18,1,0
BRDA:672,19,0,0
BRDA:672,19,1,0
BRDA:672,20,0,0
BRDA:672,20,1,0
BRDA:673,21,0,0
BRDA:673,21,1,0
BRDA:681,22,0,0
BRDA:681,22,1,0
BRDA:692,23,0,0
BRDA:692,23,1,0
BRDA:701,24,0,0
BRDA:701,24,1,0
BRDA:708,25,0,0
BRDA:708,25,1,0
BRDA:719,26,0,0
BRDA:719,26,1,0
BRDA:729,27,0,0
BRDA:729,27,1,0
BRDA:746,28,0,0
BRDA:746,28,1,0
BRDA:760,29,0,0
BRDA:760,29,1,0
BRDA:773,30,0,0
BRDA:773,30,1,0
BRDA:775,31,0,0
BRDA:775,31,1,0
BRDA:776,32,0,0
BRDA:776,32,1,0
BRDA:780,33,0,0
BRDA:780,33,1,0
BRDA:781,34,0,0
BRDA:781,34,1,0
BRDA:784,35,0,0
BRDA:784,35,1,0
BRDA:793,36,0,0
BRDA:793,36,1,0
BRDA:810,37,0,0
BRDA:810,37,1,0
BRDA:812,38,0,0
BRDA:812,38,1,0
BRDA:817,39,0,0
BRDA:818,40,0,0
BRDA:818,40,1,0
BRDA:823,41,0,0
BRDA:823,41,1,0
BRDA:833,42,0,0
BRDA:833,42,1,0
BRDA:835,43,0,0
BRDA:835,43,1,0
BRDA:835,44,0,0
BRDA:835,44,1,0
BRDA:894,45,0,0
BRDA:894,45,1,0
[...]
FNDA:0,(anonymous_9)
FNDA:0,(anonymous_10)
FNDA:0,(anonymous_11)
FNDA:0,(anonymous_12)
FNDA:0,(anonymous_13)
FNDA:0,(anonymous_14)
FNDA:0,(anonymous_15)
FNDA:0,(anonymous_16)
FNDA:0,(anonymous_17)
FNDA:0,(anonymous_18)
FNDA:0,(anonymous_19)
FNDA:0,(anonymous_20)
FNDA:0,(anonymous_21)
FNDA:0,(anonymous_22)
FNDA:0,(anonymous_23)
FNDA:0,(anonymous_24)
FNDA:0,(anonymous_25)
FNDA:0,(anonymous_26)
FNDA:0,(anonymous_27)
FNDA:0,(anonymous_28)
FNDA:0,(anonymous_29)
FNDA:0,(anonymous_30)
FNDA:0,(anonymous_31)
FNDA:0,(anonymous_32)
FNDA:0,(anonymous_33)
FNDA:0,(anonymous_34)
FNDA:0,(anonymous_35)
FNDA:0,(anonymous_36)
FNDA:0,getUMCliService
DA:12,0
DA:13,0
DA:14,0
DA:15,0
DA:16,0
DA:17,0
DA:28,0
DA:29,0
DA:30,0
DA:32,0
DA:33,0
DA:34,0
DA:42,0
DA:56,0
DA:57,0
DA:60,0
DA:69,0
DA:72,0
DA:74,0
DA:76,0
DA:80,0
DA:82,0
DA:84,0
DA:86,0
DA:90,0
DA:92,0
DA:94,0
DA:96,0
DA:98,0
DA:100,0
DA:102,0
DA:106,0
DA:108,0
DA:110,0
DA:114,0
DA:116,0
DA:120,0
DA:121,0
DA:123,0
DA:127,0
DA:129,0
DA:131,0
DA:134,0
DA:142,0
DA:143,0
DA:145,0
DA:146,0
DA:151,0
DA:152,0
DA:157,0
DA:158,0
DA:165,0
DA:176,0
DA:182,0
DA:183,0
DA:184,0
DA:187,0
DA:188,0
DA:197,0
DA:198,0
DA:200,0
DA:201,0
DA:204,0
DA:213,0
DA:222,0
DA:223,0
DA:226,0
DA:228,0
DA:230,0
DA:245,0
DA:257,0
DA:275,0
DA:281,0
DA:289,0
DA:290,0
DA:293,0
DA:294,0
DA:297,0
DA:298,0
DA:299,0
DA:307,0
DA:308,0
DA:309,0
DA:316,0
DA:317,0
DA:320,0
DA:324,0
DA:337,0
DA:344,0
DA:351,0
DA:352,0
DA:368,0
DA:375,0
DA:376,0
DA:381,0
DA:388,0
DA:389,0
DA:394,0
DA:397,0
DA:400,0
DA:405,0
DA:432,0
DA:433,0
DA:468,0
DA:469,0
DA:500,0
DA:536,0
DA:575,0
DA:584,0
DA:592,0
DA:593,0
DA:595,0
DA:597,0
DA:608,0
DA:627,0
DA:634,0
DA:644,0
DA:649,0
DA:652,0
DA:653,0
DA:655,0
LF:121
LH:0
BRDA:13,0,0,0
BRDA:13,0,1,0
BRDA:14,1,0,0
BRDA:14,1,1,0
BRDA:56,2,0,0
BRDA:56,2,1,0
BRDA:58,3,0,0
BRDA:58,3,1,0
BRDA:69,4,0,0
BRDA:69,4,1,0
BRDA:69,4,2,0
BRDA:69,4,3,0
BRDA:69,4,4,0
BRDA:69,4,5,0
BRDA:69,4,6,0
BRDA:69,4,7,0
BRDA:69,4,8,0
BRDA:69,4,9,0
BRDA:69,4,10,0
BRDA:69,4,11,0
BRDA:69,4,12,0
BRDA:69,4,13,0
BRDA:69,4,14,0
BRDA:69,4,15,0
BRDA:69,4,16,0
BRDA:69,4,17,0
BRDA:69,4,18,0
BRDA:69,4,19,0
BRDA:69,4,20,0
BRDA:69,4,21,0
BRDA:69,4,22,0
BRDA:69,4,23,0
BRDA:120,5,0,0
BRDA:120,5,1,0
BRDA:145,6,0,0
BRDA:145,6,1,0
BRDA:145,7,0,0
BRDA:145,7,1,0
BRDA:151,8,0,0
BRDA:151,8,1,0
BRDA:151,9,0,0
BRDA:151,9,1,0
BRDA:157,10,0,0
BRDA:157,10,1,0
BRDA:157,11,0,0
BRDA:157,11,1,0
BRDA:182,12,0,0
BRDA:182,12,1,0
BRDA:184,13,0,0
BRDA:184,13,1,0
BRDA:184,14,0,0
BRDA:184,14,1,0
BRDA:188,15,0,0
BRDA:188,15,1,0
BRDA:197,16,0,0
BRDA:197,16,1,0
BRDA:197,17,0,0
BRDA:197,17,1,0
BRDA:197,17,2,0
BRDA:222,18,0,0
BRDA:222,18,1,0
BRDA:228,19,0,0
BRDA:228,19,1,0
BRDA:228,19,2,0
BRDA:289,20,0,0
BRDA:289,20,1,0
BRDA:298,21,0,0
BRDA:298,21,1,0
BRDA:308,22,0,0
BRDA:308,22,1,0
BRDA:316,23,0,0
BRDA:316,23,1,0
BRDA:325,24,0,0
BRDA:325,24,1,0
BRDA:327,25,0,0
BRDA:327,25,1,0
BRDA:331,26,0,0
BRDA:331,26,1,0
BRDA:351,27,0,0
BRDA:351,27,1,0
BRDA:375,28,0,0
BRDA:375,28,1,0
BRDA:388,29,0,0
BRDA:388,29,1,0
BRDA:432,30,0,0
BRDA:432,30,1,0
BRDA:468,31,0,0
BRDA:468,31,1,0
BRDA:592,32,0,0
BRDA:592,32,1,0
BRDA:644,33,0,0
BRDA:644,33,1,0
BRDA:652,34,0,0
BRDA:652,34,1,0
BRF:94
BRH:0
end_of_record
TN:
SF:src/test/setup.js
FN:6,(anonymous_0)
FN:13,(anonymous_1)
FNF:2
FNH:0
FNDA:0,(anonymous_0)
FNDA:0,(anonymous_1)
DA:6,0
DA:7,0
DA:8,0
DA:13,0
DA:14,0
DA:18,0
DA:27,0
DA:37,0
DA:38,0
DA:47,0
DA:48,0
LF:11
LH:0
BRDA:7,0,0,0
BRDA:7,0,1,0
BRDA:37,1,0,0
BRDA:37,1,1,0
BRDA:47,2,0,0
BRDA:47,2,1,0
BRF:6
BRH:0
end_of_record
TN:
SF:src/test/test-utils.js
FN:5,(anonymous_0)
FN:10,(anonymous_1)
FNF:2
FNH:0
FNDA:0,(anonymous_0)
FNDA:0,(anonymous_1)
DA:5,0
DA:7,0
DA:10,0
DA:11,0
DA:12,0
DA:16,0
DA:20,0
DA:31,0
LF:8
LH:0
BRDA:5,0,0,0
BRDA:17,1,0,0
BRDA:17,1,1,0
BRF:3
BRH:0
end_of_record
TN:
SF:src/types/antecedentes.ts
FNF:0
FNH:0
LF:0
LH:0
BRF:0
BRH:0
end_of_record
TN:
SF:src/types/blog.ts
FNF:0
FNH:0
LF:0
LH:0
BRF:0
BRH:0
end_of_record
TN:
SF:src/utils/antecedentesScoring.js
FN:52,(anonymous_0)
FN:62,(anonymous_1)
FN:68,(anonymous_2)
FN:77,(anonymous_3)
FN:83,(anonymous_4)
FN:99,(anonymous_5)
FN:144,(anonymous_6)
FN:145,(anonymous_7)
FN:162,(anonymous_8)
FN:173,(anonymous_9)
FN:174,(anonymous_10)
FN:175,(anonymous_11)
FN:190,(anonymous_12)
FN:194,(anonymous_13)
FN:195,(anonymous_14)
FN:199,(anonymous_15)
FN:210,(anonymous_16)
FNF:17
FNH:0
FNDA:0,(anonymous_0)
FNDA:0,(anonymous_1)
FNDA:0,(anonymous_2)
FNDA:0,(anonymous_3)
FNDA:0,(anonymous_4)
FNDA:0,(anonymous_5)
FNDA:0,(anonymous_6)
FNDA:0,(anonymous_7)
FNDA:0,(anonymous_8)
FNDA:0,(anonymous_9)
FNDA:0,(anonymous_10)
FNDA:0,(anonymous_11)
FNDA:0,(anonymous_12)
FNDA:0,(anonymous_13)
FNDA:0,(anonymous_14)
FNDA:0,(anonymous_15)
FNDA:0,(anonymous_16)
DA:7,0
DA:19,0
DA:30,0
DA:40,0
DA:52,0
DA:53,0
DA:56,0
DA:57,0
DA:58,0
DA:59,0
DA:62,0
DA:63,0
DA:65,0
DA:68,0
DA:69,0
DA:71,0
DA:74,0
DA:75,0
DA:77,0
DA:78,0
DA:81,0
DA:83,0
DA:84,0
DA:87,0
DA:95,0
DA:99,0
DA:100,0
DA:103,0
DA:104,0
DA:107,0
DA:108,0
DA:112,0
DA:113,0
DA:114,0
DA:115,0
DA:116,0
DA:118,0
DA:119,0
DA:120,0
DA:121,0
DA:122,0
DA:123,0
DA:124,0
DA:125,0
DA:133,0
DA:134,0
DA:138,0
DA:144,0
DA:145,0
DA:146,0
DA:147,0
DA:150,0
DA:151,0
DA:155,0
DA:162,0
DA:163,0
DA:164,0
DA:165,0
DA:166,0
DA:168,0
DA:173,0
DA:174,0
DA:176,0
DA:184,0
DA:190,0
DA:191,0
DA:193,0
DA:194,0
DA:196,0
DA:197,0
DA:200,0
DA:201,0
DA:210,0
DA:211,0
LF:74
LH:0
BRDA:56,0,0,0
BRDA:56,0,1,0
BRDA:57,1,0,0
BRDA:57,1,1,0
BRDA:58,2,0,0
BRDA:58,2,1,0
BRDA:65,3,0,0
BRDA:65,3,1,0
BRDA:68,4,0,0
BRDA:68,4,1,0
BRDA:71,5,0,0
BRDA:71,5,1,0
BRDA:74,6,0,0
BRDA:74,6,1,0
BRDA:75,7,0,0
BRDA:75,7,1,0
BRDA:78,8,0,0
BRDA:78,8,1,0
BRDA:81,9,0,0
BRDA:81,9,1,0
BRDA:83,10,0,0
BRDA:83,10,1,0
BRDA:84,11,0,0
BRDA:84,11,1,0
BRDA:87,12,0,0
BRDA:87,12,1,0
BRDA:107,13,0,0
BRDA:107,13,1,0
BRDA:107,14,0,0
BRDA:107,14,1,0
BRDA:112,15,0,0
BRDA:112,15,1,0
BRDA:118,16,0,0
BRDA:118,16,1,0
BRDA:120,17,0,0
BRDA:120,17,1,0
BRDA:122,18,0,0
BRDA:122,18,1,0
BRDA:124,19,0,0
BRDA:124,19,1,0
BRDA:133,20,0,0
BRDA:133,20,1,0
BRDA:133,21,0,0
BRDA:133,21,1,0
BRDA:150,22,0,0
BRDA:150,22,1,0
BRDA:155,23,0,0
BRDA:155,23,1,0
BRDA:155,24,0,0
BRDA:155,24,1,0
BRDA:163,25,0,0
BRDA:163,25,1,0
BRDA:164,26,0,0
BRDA:164,26,1,0
BRDA:165,27,0,0
BRDA:165,27,1,0
BRDA:176,28,0,0
BRDA:176,28,1,0
BRDA:176,29,0,0
BRDA:176,29,1,0
BRDA:177,30,0,0
BRDA:177,30,1,0
BRDA:179,31,0,0
BRDA:179,31,1,0
BRDA:179,32,0,0
BRDA:179,32,1,0
BRDA:180,33,0,0
BRDA:180,33,1,0
BRDA:197,34,0,0
BRDA:197,34,1,0
BRDA:210,35,0,0
BRF:71
BRH:0
end_of_record
TN:
SF:src/utils/assets.js
FN:11,getAssetUrl
FN:56,getOptimizedImageUrl
FN:75,getBackgroundImageUrl
FN:85,getFileMimeType
FN:95,isImage
FN:106,getFileExtension
FN:120,getPictureHtml
FNF:7
FNH:0
FNDA:0,getAssetUrl
FNDA:0,getOptimizedImageUrl
FNDA:0,getBackgroundImageUrl
FNDA:0,getFileMimeType
FNDA:0,isImage
FNDA:0,getFileExtension
FNDA:0,getPictureHtml
DA:12,0
DA:15,0
DA:17,0
DA:19,0
DA:20,0
DA:22,0
DA:29,0
DA:31,0
DA:32,0
DA:35,0
DA:37,0
DA:38,0
DA:39,0
DA:40,0
DA:42,0
DA:43,0
DA:44,0
DA:47,0
DA:57,0
DA:59,0
DA:67,0
DA:76,0
DA:77,0
DA:86,0
DA:87,0
DA:96,0
DA:97,0
DA:98,0
DA:107,0
DA:108,0
DA:109,0
DA:121,0
DA:122,0
DA:123,0
DA:124,0
LF:35
LH:0
BRDA:11,0,0,0
BRDA:12,1,0,0
BRDA:12,1,1,0
BRDA:17,2,0,0
BRDA:17,2,1,0
BRDA:20,3,0,0
BRDA:20,3,1,0
BRDA:22,4,0,0
BRDA:22,4,1,0
BRDA:22,4,2,0
BRDA:22,4,3,0
BRDA:22,4,4,0
BRDA:29,5,0,0
BRDA:29,5,1,0
BRDA:31,6,0,0
BRDA:31,6,1,0
BRDA:37,7,0,0
BRDA:37,7,1,0
BRDA:38,8,0,0
BRDA:38,8,1,0
BRDA:39,9,0,0
BRDA:39,9,1,0
BRDA:40,10,0,0
BRDA:40,10,1,0
BRDA:43,11,0,0
BRDA:43,11,1,0
BRDA:56,12,0,0
BRDA:57,13,0,0
BRDA:57,13,1,0
BRDA:57,14,0,0
BRDA:57,14,1,0
BRDA:67,15,0,0
BRDA:67,15,1,0
BRDA:76,16,0,0
BRDA:76,16,1,0
BRDA:76,17,0,0
BRDA:76,17,1,0
BRDA:86,18,0,0
BRDA:86,18,1,0
BRDA:87,19,0,0
BRDA:87,19,1,0
BRDA:96,20,0,0
BRDA:96,20,1,0
BRDA:107,21,0,0
BRDA:107,21,1,0
BRDA:107,22,0,0
BRDA:107,22,1,0
BRDA:109,23,0,0
BRDA:109,23,1,0
BRDA:120,24,0,0
BRDA:123,25,0,0
BRDA:123,26,0,0
BRDA:123,27,0,0
BRDA:127,28,0,0
BRDA:127,28,1,0
BRDA:127,29,0,0
BRDA:127,29,1,0
BRDA:127,30,0,0
BRDA:127,30,1,0
BRF:59
BRH:0
end_of_record
TN:
SF:src/utils/auth.js
FN:9,getStaticToken
FN:17,getAuthHeaders
FN:27,verifyToken
FN:54,fetchAntecedente
FN:88,generateSlug
FNF:5
FNH:0
FNDA:0,getStaticToken
FNDA:0,getAuthHeaders
FNDA:0,verifyToken
FNDA:0,fetchAntecedente
FNDA:0,generateSlug
DA:10,0
DA:18,0
DA:28,0
DA:29,0
DA:32,0
DA:33,0
DA:34,0
DA:37,0
DA:38,0
DA:42,0
DA:44,0
DA:45,0
DA:55,0
DA:56,0
DA:57,0
DA:59,0
DA:61,0
DA:62,0
DA:65,0
DA:72,0
DA:73,0
DA:76,0
DA:78,0
DA:79,0
DA:89,0
DA:91,0
LF:26
LH:0
BRDA:10,0,0,0
BRDA:10,0,1,0
BRDA:32,1,0,0
BRDA:32,1,1,0
BRDA:32,2,0,0
BRDA:32,2,1,0
BRDA:61,3,0,0
BRDA:61,3,1,0
BRDA:68,4,0,0
BRDA:68,4,1,0
BRDA:72,5,0,0
BRDA:72,5,1,0
BRDA:89,6,0,0
BRDA:89,6,1,0
BRF:14
BRH:0
end_of_record
TN:
SF:src/utils/cache.ts
FN:12,(anonymous_0)
FN:16,(anonymous_1)
FN:23,(anonymous_2)
FN:31,(anonymous_3)
FN:48,(anonymous_4)
FN:52,(anonymous_5)
FN:56,(anonymous_6)
FN:64,withCache
FNF:8
FNH:0
FNDA:0,(anonymous_0)
FNDA:0,(anonymous_1)
FNDA:0,(anonymous_2)
FNDA:0,(anonymous_3)
FNDA:0,(anonymous_4)
FNDA:0,(anonymous_5)
FNDA:0,(anonymous_6)
FNDA:0,withCache
DA:10,0
DA:13,0
DA:17,0
DA:18,0
DA:20,0
DA:24,0
DA:32,0
DA:34,0
DA:35,0
DA:38,0
DA:40,0
DA:41,0
DA:42,0
DA:45,0
DA:49,0
DA:53,0
DA:57,0
DA:61,0
DA:69,0
DA:70,0
DA:71,0
DA:74,0
DA:75,0
DA:76,0
LF:24
LH:0
BRDA:17,0,0,0
BRDA:17,0,1,0
BRDA:23,1,0,0
BRDA:34,2,0,0
BRDA:34,2,1,0
BRDA:40,3,0,0
BRDA:40,3,1,0
BRDA:70,4,0,0
BRDA:70,4,1,0
BRF:9
BRH:0
end_of_record
TN:
SF:src/utils/date.ts
FN:1,formatDate
FN:11,parseSpanishDate
FNF:2
FNH:0
FNDA:0,formatDate
FNDA:0,parseSpanishDate
DA:3,0
DA:4,0
DA:12,0
DA:18,0
DA:19,0
DA:20,0
DA:21,0
DA:22,0
DA:24,0
DA:25,0
DA:30,0
LF:11
LH:0
BRDA:3,0,0,0
BRDA:3,0,1,0
BRDA:19,1,0,0
BRDA:19,1,1,0
BRDA:24,2,0,0
BRDA:24,2,1,0
BRDA:24,3,0,0
BRDA:24,3,1,0
BRDA:24,3,2,0
BRF:9
BRH:0
end_of_record
TN:
SF:src/utils/directus.js
FN:21,(anonymous_0)
FN:34,(anonymous_1)
FN:82,(anonymous_2)
FN:94,(anonymous_3)
FN:99,(anonymous_4)
FN:109,(anonymous_5)
FN:135,(anonymous_6)
FN:140,(anonymous_7)
FN:149,(anonymous_8)
FN:159,(anonymous_9)
FN:165,(anonymous_10)
FN:174,(anonymous_11)
FN:187,(anonymous_12)
FN:192,(anonymous_13)
FN:205,(anonymous_14)
FN:222,(anonymous_15)
FN:241,(anonymous_16)
FN:258,(anonymous_17)
FN:279,(anonymous_18)
FN:294,(anonymous_19)
FN:323,(anonymous_20)
FN:332,(anonymous_21)
FN:359,fetchAntecedente
FN:369,generateSlug
FNF:24
FNH:0
FNDA:0,(anonymous_0)
FNDA:0,(anonymous_1)
FNDA:0,(anonymous_2)
FNDA:0,(anonymous_3)
FNDA:0,(anonymous_4)
FNDA:0,(anonymous_5)
FNDA:0,(anonymous_6)
FNDA:0,(anonymous_7)
FNDA:0,(anonymous_8)
FNDA:0,(anonymous_9)
FNDA:0,(anonymous_10)
FNDA:0,(anonymous_11)
FNDA:0,(anonymous_12)
FNDA:0,(anonymous_13)
FNDA:0,(anonymous_14)
FNDA:0,(anonymous_15)
FNDA:0,(anonymous_16)
FNDA:0,(anonymous_17)
FNDA:0,(anonymous_18)
FNDA:0,(anonymous_19)
FNDA:0,(anonymous_20)
FNDA:0,(anonymous_21)
FNDA:0,fetchAntecedente
FNDA:0,generateSlug
DA:4,0
DA:12,0
DA:13,0
DA:15,0
DA:16,0
DA:22,0
DA:23,0
DA:25,0
DA:26,0
DA:29,0
DA:30,0
DA:31,0
DA:35,0
DA:36,0
DA:39,0
DA:40,0
DA:47,0
DA:48,0
DA:54,0
DA:55,0
DA:56,0
DA:57,0
DA:58,0
DA:62,0
DA:66,0
DA:67,0
DA:70,0
DA:72,0
DA:77,0
DA:83,0
DA:84,0
DA:90,0
DA:91,0
DA:94,0
DA:95,0
DA:96,0
DA:97,0
DA:98,0
DA:99,0
DA:101,0
DA:106,0
DA:108,0
DA:109,0
DA:110,0
DA:111,0
DA:113,0
DA:114,0
DA:118,0
DA:119,0
DA:120,0
DA:123,0
DA:126,0
DA:129,0
DA:131,0
DA:136,0
DA:140,0
DA:150,0
DA:156,0
DA:160,0
DA:161,0
DA:164,0
DA:165,0
DA:168,0
DA:169,0
DA:175,0
DA:176,0
DA:183,0
DA:184,0
DA:187,0
DA:188,0
DA:189,0
DA:190,0
DA:191,0
DA:192,0
DA:194,0
DA:199,0
DA:202,0
DA:203,0
DA:205,0
DA:215,0
DA:217,0
DA:218,0
DA:223,0
DA:224,0
DA:225,0
DA:226,0
DA:233,0
DA:235,0
DA:236,0
DA:242,0
DA:243,0
DA:254,0
DA:255,0
DA:258,0
DA:259,0
DA:260,0
DA:261,0
DA:263,0
DA:268,0
DA:271,0
DA:272,0
DA:273,0
DA:277,0
DA:279,0
DA:289,0
DA:290,0
DA:295,0
DA:296,0
DA:297,0
DA:300,0
DA:301,0
DA:309,0
DA:310,0
DA:311,0
DA:312,0
DA:316,0
DA:323,0
DA:327,0
DA:328,0
DA:333,0
DA:334,0
DA:342,0
DA:343,0
DA:344,0
DA:347,0
DA:349,0
DA:350,0
DA:355,0
DA:356,0
DA:360,0
DA:361,0
DA:362,0
DA:364,0
DA:365,0
DA:370,0
DA:372,0
LF:136
LH:0
BRDA:5,0,0,0
BRDA:5,0,1,0
BRDA:6,1,0,0
BRDA:6,1,1,0
BRDA:12,2,0,0
BRDA:12,2,1,0
BRDA:15,3,0,0
BRDA:15,3,1,0
BRDA:22,4,0,0
BRDA:22,4,1,0
BRDA:25,5,0,0
BRDA:25,5,1,0
BRDA:34,6,0,0
BRDA:35,7,0,0
BRDA:35,7,1,0
BRDA:54,8,0,0
BRDA:54,8,1,0
BRDA:58,9,0,0
BRDA:58,9,1,0
BRDA:58,9,2,0
BRDA:66,10,0,0
BRDA:66,10,1,0
BRDA:74,11,0,0
BRDA:74,11,1,0
BRDA:82,12,0,0
BRDA:95,13,0,0
BRDA:95,13,1,0
BRDA:95,14,0,0
BRDA:95,14,1,0
BRDA:96,15,0,0
BRDA:96,15,1,0
BRDA:96,16,0,0
BRDA:96,16,1,0
BRDA:98,17,0,0
BRDA:98,17,1,0
BRDA:108,18,0,0
BRDA:108,18,1,0
BRDA:108,19,0,0
BRDA:108,19,1,0
BRDA:111,20,0,0
BRDA:111,20,1,0
BRDA:113,21,0,0
BRDA:113,21,1,0
BRDA:118,22,0,0
BRDA:118,22,1,0
BRDA:135,23,0,0
BRDA:143,24,0,0
BRDA:143,24,1,0
BRDA:174,25,0,0
BRDA:188,26,0,0
BRDA:188,26,1,0
BRDA:188,27,0,0
BRDA:188,27,1,0
BRDA:189,28,0,0
BRDA:189,28,1,0
BRDA:189,29,0,0
BRDA:189,29,1,0
BRDA:191,30,0,0
BRDA:191,30,1,0
BRDA:202,31,0,0
BRDA:202,31,1,0
BRDA:202,32,0,0
BRDA:202,32,1,0
BRDA:208,33,0,0
BRDA:208,33,1,0
BRDA:225,34,0,0
BRDA:225,34,1,0
BRDA:225,35,0,0
BRDA:225,35,1,0
BRDA:228,36,0,0
BRDA:228,36,1,0
BRDA:241,37,0,0
BRDA:259,38,0,0
BRDA:259,38,1,0
BRDA:259,39,0,0
BRDA:259,39,1,0
BRDA:260,40,0,0
BRDA:260,40,1,0
BRDA:260,41,0,0
BRDA:260,41,1,0
BRDA:271,42,0,0
BRDA:271,42,1,0
BRDA:271,43,0,0
BRDA:271,43,1,0
BRDA:281,44,0,0
BRDA:281,44,1,0
BRDA:285,45,0,0
BRDA:285,45,1,0
BRDA:295,46,0,0
BRDA:295,46,1,0
BRDA:310,47,0,0
BRDA:310,47,1,0
BRDA:323,48,0,0
BRDA:323,48,1,0
BRDA:342,49,0,0
BRDA:342,49,1,0
BRDA:342,50,0,0
BRDA:342,50,1,0
BRDA:347,51,0,0
BRDA:347,51,1,0
BRDA:370,52,0,0
BRDA:370,52,1,0
BRF:102
BRH:0
end_of_record
TN:
SF:src/utils/directus.ts
FN:17,authenticate
FN:48,fetchDirectus
FN:63,(anonymous_2)
FNF:3
FNH:0
FNDA:0,authenticate
FNDA:0,fetchDirectus
FNDA:0,(anonymous_2)
DA:2,0
DA:18,0
DA:19,0
DA:20,0
DA:21,0
DA:24,0
DA:25,0
DA:26,0
DA:29,0
DA:30,0
DA:35,0
DA:36,0
DA:37,0
DA:38,0
DA:41,0
DA:43,0
DA:44,0
DA:49,0
DA:50,0
DA:53,0
DA:54,0
DA:57,0
DA:58,0
DA:59,0
DA:61,0
DA:62,0
DA:63,0
DA:64,0
DA:68,0
DA:71,0
DA:72,0
DA:75,0
DA:76,0
DA:84,0
DA:85,0
DA:88,0
LF:36
LH:0
BRDA:24,0,0,0
BRDA:24,0,1,0
BRDA:24,1,0,0
BRDA:24,1,1,0
BRDA:24,1,2,0
BRDA:24,1,3,0
BRDA:35,2,0,0
BRDA:35,2,1,0
BRDA:48,3,0,0
BRDA:53,4,0,0
BRDA:53,4,1,0
BRDA:53,5,0,0
BRDA:53,5,1,0
BRDA:53,5,2,0
BRDA:57,6,0,0
BRDA:57,6,1,0
BRDA:58,7,0,0
BRDA:58,7,1,0
BRDA:62,8,0,0
BRDA:62,8,1,0
BRDA:64,9,0,0
BRDA:64,9,1,0
BRDA:71,10,0,0
BRDA:71,10,1,0
BRDA:71,11,0,0
BRDA:71,11,1,0
BRDA:84,12,0,0
BRDA:84,12,1,0
BRF:28
BRH:0
end_of_record
TN:
SF:src/utils/filters.ts
FNF:0
FNH:0
LF:0
LH:0
BRF:0
BRH:0
end_of_record
TN:
SF:src/utils/imageCache.ts
FN:17,ensureCacheDir
FN:26,generateImageKey
FN:32,processAndCacheImage
FN:103,clearImageCache
FN:107,(anonymous_4)
FN:117,getCacheStats
FNF:6
FNH:0
FNDA:0,ensureCacheDir
FNDA:0,generateImageKey
FNDA:0,processAndCacheImage
FNDA:0,clearImageCache
FNDA:0,(anonymous_4)
FNDA:0,getCacheStats
DA:7,0
DA:13,0
DA:14,0
DA:18,0
DA:19,0
DA:21,0
DA:27,0
DA:28,0
DA:38,0
DA:40,0
DA:41,0
DA:44,0
DA:45,0
DA:48,0
DA:50,0
DA:51,0
DA:52,0
DA:53,0
DA:59,0
DA:62,0
DA:63,0
DA:64,0
DA:67,0
DA:68,0
DA:71,0
DA:77,0
DA:79,0
DA:80,0
DA:82,0
DA:83,0
DA:85,0
DA:86,0
DA:90,0
DA:93,0
DA:95,0
DA:97,0
DA:98,0
DA:104,0
DA:105,0
DA:106,0
DA:107,0
DA:109,0
DA:111,0
DA:112,0
DA:118,0
LF:45
LH:0
BRDA:27,0,0,0
BRDA:27,0,1,0
BRDA:27,1,0,0
BRDA:27,1,1,0
BRDA:36,2,0,0
BRDA:44,3,0,0
BRDA:44,3,1,0
BRDA:77,4,0,0
BRDA:77,4,1,0
BRDA:77,4,2,0
BRF:10
BRH:0
end_of_record
TN:
SF:src/utils/imageFixer.js
FN:21,getFixedImage
FNF:1
FNH:0
FNDA:0,getFixedImage
DA:1,0
DA:22,0
LF:2
LH:0
BRDA:22,0,0,0
BRDA:22,0,1,0
BRF:2
BRH:0
end_of_record
TN:
SF:src/utils/imageUtils.js
FN:30,getServiceImageUrl
FN:51,getAssetUrl
FNF:2
FNH:0
FNDA:0,getServiceImageUrl
FNDA:0,getAssetUrl
DA:3,0
DA:31,0
DA:32,0
DA:36,0
DA:37,0
DA:41,0
DA:52,0
DA:53,0
DA:57,0
DA:58,0
DA:62,0
DA:63,0
LF:12
LH:0
BRDA:31,0,0,0
BRDA:31,0,1,0
BRDA:36,1,0,0
BRDA:36,1,1,0
BRDA:51,2,0,0
BRDA:52,3,0,0
BRDA:52,3,1,0
BRDA:57,4,0,0
BRDA:57,4,1,0
BRDA:57,5,0,0
BRDA:57,5,1,0
BRDA:62,6,0,0
BRDA:62,6,1,0
BRF:13
BRH:0
end_of_record
TN:
SF:src/utils/richSnippets.ts
FN:12,generateFAQSchema
FN:16,(anonymous_1)
FN:27,generateHowToSchema
FN:33,(anonymous_3)
FN:48,generateArticleSchema
FN:82,generateServiceSchema
FNF:6
FNH:0
FNDA:0,generateFAQSchema
FNDA:0,(anonymous_1)
FNDA:0,generateHowToSchema
FNDA:0,(anonymous_3)
FNDA:0,generateArticleSchema
FNDA:0,generateServiceSchema
DA:13,0
DA:16,0
DA:28,0
DA:33,0
DA:49,0
DA:83,0
LF:6
LH:0
BRDA:38,0,0,0
BRDA:38,0,1,0
BRDA:53,1,0,0
BRDA:53,1,1,0
BRDA:54,2,0,0
BRDA:54,2,1,0
BRDA:56,3,0,0
BRDA:56,3,1,0
BRDA:59,4,0,0
BRDA:59,4,1,0
BRDA:75,5,0,0
BRDA:75,5,1,0
BRDA:76,6,0,0
BRDA:76,6,1,0
BRDA:98,7,0,0
BRDA:98,7,1,0
BRDA:99,8,0,0
BRDA:99,8,1,0
BRF:18
BRH:0
end_of_record
TN:
SF:src/utils/schema.ts
FN:28,generateBlogPostSchema
FN:57,generateBreadcrumbSchema
FN:61,(anonymous_2)
FN:70,generateWebSiteSchema
FNF:4
FNH:0
FNDA:0,generateBlogPostSchema
FNDA:0,generateBreadcrumbSchema
FNDA:0,(anonymous_2)
FNDA:0,generateWebSiteSchema
DA:29,0
DA:58,0
DA:61,0
DA:71,0
LF:4
LH:0
BRDA:33,0,0,0
BRDA:33,0,1,0
BRDA:36,1,0,0
BRDA:36,1,1,0
BRDA:39,2,0,0
BRDA:39,2,1,0
BRF:6
BRH:0
end_of_record
TN:
SF:src/utils/seoSchema.ts
FN:28,generateBlogPostSchema
FN:57,generateBreadcrumbSchema
FN:61,(anonymous_2)
FN:70,generateOrganizationSchema
FN:84,generateWebSiteSchema
FNF:5
FNH:0
FNDA:0,generateBlogPostSchema
FNDA:0,generateBreadcrumbSchema
FNDA:0,(anonymous_2)
FNDA:0,generateOrganizationSchema
FNDA:0,generateWebSiteSchema
DA:29,0
DA:58,0
DA:61,0
DA:71,0
DA:85,0
LF:5
LH:0
BRDA:33,0,0,0
BRDA:33,0,1,0
BRDA:33,0,2,0
BRDA:34,1,0,0
BRDA:34,1,1,0
BRDA:35,2,0,0
BRDA:35,2,1,0
BRDA:36,3,0,0
BRDA:36,3,1,0
BRDA:36,3,2,0
BRDA:39,4,0,0
BRDA:39,4,1,0
BRF:12
BRH:0
end_of_record
TN:
SF:src/utils/slugUtils.js
FN:8,(anonymous_0)
FNF:1
FNH:0
FNDA:0,(anonymous_0)
DA:8,0
DA:9,0
DA:10,0
DA:13,0
DA:23,0
LF:5
LH:0
BRDA:8,0,0,0
BRDA:9,1,0,0
BRDA:9,1,1,0
BRDA:9,2,0,0
BRDA:9,2,1,0
BRDA:9,2,2,0
BRDA:23,3,0,0
BRDA:23,3,1,0
BRF:8
BRH:0
end_of_record
TN:
SF:src/utils/slugUtils.ts
FN:2,generateSlug
FNF:1
FNH:0
FNDA:0,generateSlug
DA:3,0
LF:1
LH:0
BRF:0
BRH:0
end_of_record
TN:
SF:src/utils/utils/sessionManager.ts
FN:45,generateSessionId
FN:52,saveSession
FN:96,loadSession
FN:113,listSessions
FN:129,updateSessionIndex
FN:149,addSessionLog
FN:163,exportSession
FN:173,importSession
FN:194,deleteSession
FN:202,(anonymous_9)
FN:215,getStorageStats
FNF:11
FNH:0
FNDA:0,generateSessionId
FNDA:0,saveSession
FNDA:0,loadSession
FNDA:0,listSessions
FNDA:0,updateSessionIndex
FNDA:0,addSessionLog
FNDA:0,exportSession
FNDA:0,importSession
FNDA:0,deleteSession
FNDA:0,(anonymous_9)
FNDA:0,getStorageStats
DA:46,0
DA:53,0
DA:79,0
DA:80,0
DA:82,0
DA:83,0
DA:85,0
DA:86,0
DA:88,0
DA:89,0
DA:97,0
DA:98,0
DA:100,0
DA:102,0
DA:103,0
DA:105,0
DA:106,0
DA:114,0
DA:115,0
DA:117,0
DA:119,0
DA:120,0
DA:122,0
DA:130,0
DA:131,0
DA:133,0
DA:134,0
DA:136,0
DA:137,0
DA:138,0
DA:139,0
DA:142,0
DA:150,0
DA:157,0
DA:164,0
DA:165,0
DA:167,0
DA:174,0
DA:175,0
DA:177,0
DA:178,0
DA:180,0
DA:181,0
DA:182,0
DA:184,0
DA:186,0
DA:187,0
DA:195,0
DA:197,0
DA:198,0
DA:201,0
DA:202,0
DA:203,0
DA:205,0
DA:207,0
DA:208,0
DA:216,0
DA:218,0
DA:219,0
DA:220,0
DA:225,0
DA:226,0
DA:228,0
LF:63
LH:0
BRDA:52,0,0,0
BRDA:58,1,0,0
BRDA:58,1,1,0
BRDA:59,2,0,0
BRDA:59,2,1,0
BRDA:60,3,0,0
BRDA:60,3,1,0
BRDA:61,4,0,0
BRDA:61,4,1,0
BRDA:62,5,0,0
BRDA:62,5,1,0
BRDA:63,6,0,0
BRDA:63,6,1,0
BRDA:64,7,0,0
BRDA:64,7,1,0
BRDA:65,8,0,0
BRDA:65,8,1,0
BRDA:66,9,0,0
BRDA:66,9,1,0
BRDA:68,10,0,0
BRDA:68,10,1,0
BRDA:70,11,0,0
BRDA:70,11,1,0
BRDA:71,12,0,0
BRDA:71,12,1,0
BRDA:72,13,0,0
BRDA:72,13,1,0
BRDA:73,14,0,0
BRDA:73,14,1,0
BRDA:74,15,0,0
BRDA:74,15,1,0
BRDA:100,16,0,0
BRDA:100,16,1,0
BRDA:117,17,0,0
BRDA:117,17,1,0
BRDA:133,18,0,0
BRDA:133,18,1,0
BRDA:136,19,0,0
BRDA:136,19,1,0
BRDA:138,20,0,0
BRDA:138,20,1,0
BRDA:165,21,0,0
BRDA:165,21,1,0
BRDA:219,22,0,0
BRDA:219,22,1,0
BRDA:219,23,0,0
BRDA:219,23,1,0
BRDA:220,24,0,0
BRDA:220,24,1,0
BRF:49
BRH:0
end_of_record
